input_img           : data/0.9/data_img.h5
input_ques          : data/0.9/visdial_data.h5
input_json          : data/0.9/visdial_params.json
img_norm            : 1
size_limit          : -1
breakdown_analysis  : False
img_feature_size    : 4096
img_embed_size      : 512
embed_size          : 300
rnn_hidden_size     : 512
num_layers          : 2
max_history_len     : 60
dropout             : 0.5
encoder             : lf-ques-im-hist
decoder             : disc
num_epochs          : 20
batch_size          : 12
lr                  : 0.001
lr_decay_rate       : 0.9997592083
min_lr              : 5e-05
weight_init         : xavier
overfit             : False
gpuid               : 0
load_path           : 
save_path           : checkpoints/28-Nov-2018-22:22:06
save_step           : 1
concat_history      : True
partial_concat_history: False
Dataloader loading json file: data/0.9/visdial_params.json
Vocab size with <START>, <END>: 9795
Dataloader loading h5 file: data/0.9/visdial_data.h5
Dataloader loading h5 file: data/0.9/data_img.h5

Processing split [train]...
Reading image features...
Normalizing image features...
[train] no. of threads: 70000
	Max no. of rounds: 10
	Max ques len: 20
	Max ans len: 20
5834 iter per epoch.
/home/ubuntu/project_copy/VisualDialogProject/baseline/visdial/encoders/lf.py:49: UserWarning: nn.init.xavier_uniform is now deprecated in favor of nn.init.xavier_uniform_.
  nn.init.xavier_uniform(self.fusion.weight.data)
/home/ubuntu/project_copy/VisualDialogProject/baseline/visdial/encoders/lf.py:52: UserWarning: nn.init.constant is now deprecated in favor of nn.init.constant_.
  nn.init.constant(self.fusion.bias.data, 0)
Encoder: lf-ques-im-hist
Decoder: disc
Training start time: 28-Nov-2018-22:23:00
train.py:175: UserWarning: invalid index of a 0-dim tensor. This will be an error in PyTorch 0.5. Use tensor.item() to convert a 0-dim tensor to a Python number
  running_loss = cur_loss.data[0]
[0:00:02.967426][Epoch:   1][Iter:      0][Loss: 4.608519][lr: 0.001000]
train.py:173: UserWarning: invalid index of a 0-dim tensor. This will be an error in PyTorch 0.5. Use tensor.item() to convert a 0-dim tensor to a Python number
  running_loss = 0.95 * running_loss + 0.05 * cur_loss.data[0]
[0:04:27.194185][Epoch:   1][Iter:    100][Loss: 3.510108][lr: 0.000976]
[0:08:51.868860][Epoch:   1][Iter:    200][Loss: 3.263463][lr: 0.000953]
[0:13:16.015881][Epoch:   1][Iter:    300][Loss: 3.256200][lr: 0.000930]
[0:17:40.066788][Epoch:   1][Iter:    400][Loss: 3.166077][lr: 0.000908]
[0:22:04.125191][Epoch:   1][Iter:    500][Loss: 3.176899][lr: 0.000887]
[0:26:27.744617][Epoch:   1][Iter:    600][Loss: 3.050334][lr: 0.000865]
[0:30:51.799949][Epoch:   1][Iter:    700][Loss: 3.039283][lr: 0.000845]
[0:35:16.016068][Epoch:   1][Iter:    800][Loss: 2.990124][lr: 0.000825]
[0:39:40.341711][Epoch:   1][Iter:    900][Loss: 2.932090][lr: 0.000805]
[0:44:04.633114][Epoch:   1][Iter:   1000][Loss: 2.969327][lr: 0.000786]
[0:48:28.768029][Epoch:   1][Iter:   1100][Loss: 2.950208][lr: 0.000767]
[0:52:53.034281][Epoch:   1][Iter:   1200][Loss: 2.936118][lr: 0.000749]
[0:57:17.678644][Epoch:   1][Iter:   1300][Loss: 2.894452][lr: 0.000731]
[1:01:42.241937][Epoch:   1][Iter:   1400][Loss: 2.853647][lr: 0.000714]
[1:06:06.653769][Epoch:   1][Iter:   1500][Loss: 2.836218][lr: 0.000697]
[1:10:30.878497][Epoch:   1][Iter:   1600][Loss: 2.777653][lr: 0.000680]
[1:14:54.873325][Epoch:   1][Iter:   1700][Loss: 2.780798][lr: 0.000664]
[1:19:18.602976][Epoch:   1][Iter:   1800][Loss: 2.815577][lr: 0.000648]
[1:23:42.358924][Epoch:   1][Iter:   1900][Loss: 2.862749][lr: 0.000633]
[1:28:06.466079][Epoch:   1][Iter:   2000][Loss: 2.717545][lr: 0.000618]
[1:32:30.542595][Epoch:   1][Iter:   2100][Loss: 2.742151][lr: 0.000603]
[1:36:54.424296][Epoch:   1][Iter:   2200][Loss: 2.727180][lr: 0.000589]
[1:41:18.630531][Epoch:   1][Iter:   2300][Loss: 2.718803][lr: 0.000575]
[1:45:43.217808][Epoch:   1][Iter:   2400][Loss: 2.720380][lr: 0.000561]
[1:50:07.318571][Epoch:   1][Iter:   2500][Loss: 2.671163][lr: 0.000548]
[1:54:31.903671][Epoch:   1][Iter:   2600][Loss: 2.648862][lr: 0.000535]
[1:58:56.589148][Epoch:   1][Iter:   2700][Loss: 2.626055][lr: 0.000522]
[2:03:20.479047][Epoch:   1][Iter:   2800][Loss: 2.724299][lr: 0.000510]
[2:07:43.825805][Epoch:   1][Iter:   2900][Loss: 2.692265][lr: 0.000497]
[2:12:07.178823][Epoch:   1][Iter:   3000][Loss: 2.694873][lr: 0.000486]
[2:16:30.566188][Epoch:   1][Iter:   3100][Loss: 2.615875][lr: 0.000474]
[2:20:53.715213][Epoch:   1][Iter:   3200][Loss: 2.626672][lr: 0.000463]
[2:25:16.827584][Epoch:   1][Iter:   3300][Loss: 2.657457][lr: 0.000452]
[2:29:40.048202][Epoch:   1][Iter:   3400][Loss: 2.625615][lr: 0.000441]
[2:34:03.037073][Epoch:   1][Iter:   3500][Loss: 2.583095][lr: 0.000430]
[2:38:26.025514][Epoch:   1][Iter:   3600][Loss: 2.588565][lr: 0.000420]
[2:42:48.684859][Epoch:   1][Iter:   3700][Loss: 2.564490][lr: 0.000410]
[2:47:11.796918][Epoch:   1][Iter:   3800][Loss: 2.591433][lr: 0.000400]
[2:51:34.607147][Epoch:   1][Iter:   3900][Loss: 2.594489][lr: 0.000391]
[2:55:57.717908][Epoch:   1][Iter:   4000][Loss: 2.581735][lr: 0.000382]
[3:00:20.425146][Epoch:   1][Iter:   4100][Loss: 2.585903][lr: 0.000373]
[3:04:43.755456][Epoch:   1][Iter:   4200][Loss: 2.559303][lr: 0.000364]
[3:09:07.097858][Epoch:   1][Iter:   4300][Loss: 2.506882][lr: 0.000355]
[3:13:30.435407][Epoch:   1][Iter:   4400][Loss: 2.611474][lr: 0.000347]
[3:17:53.481763][Epoch:   1][Iter:   4500][Loss: 2.521061][lr: 0.000338]
[3:22:16.614318][Epoch:   1][Iter:   4600][Loss: 2.511663][lr: 0.000330]
[3:26:39.604722][Epoch:   1][Iter:   4700][Loss: 2.546210][lr: 0.000322]
[3:31:02.592374][Epoch:   1][Iter:   4800][Loss: 2.559046][lr: 0.000315]
[3:35:25.848955][Epoch:   1][Iter:   4900][Loss: 2.570534][lr: 0.000307]
[3:39:48.871513][Epoch:   1][Iter:   5000][Loss: 2.544590][lr: 0.000300]
[3:44:11.887320][Epoch:   1][Iter:   5100][Loss: 2.513089][lr: 0.000293]
[3:48:35.143778][Epoch:   1][Iter:   5200][Loss: 2.527872][lr: 0.000286]
[3:52:57.566596][Epoch:   1][Iter:   5300][Loss: 2.537630][lr: 0.000279]
[3:57:20.731897][Epoch:   1][Iter:   5400][Loss: 2.509402][lr: 0.000272]
[4:01:44.269247][Epoch:   1][Iter:   5500][Loss: 2.459585][lr: 0.000266]
[4:06:07.474228][Epoch:   1][Iter:   5600][Loss: 2.491870][lr: 0.000260]
[4:10:30.624380][Epoch:   1][Iter:   5700][Loss: 2.406106][lr: 0.000253]
[4:14:53.569437][Epoch:   1][Iter:   5800][Loss: 2.485667][lr: 0.000247]
[4:16:24.932870][Epoch:   2][Iter:   5834][Loss: 2.434094][lr: 0.000245]
[4:20:48.784891][Epoch:   2][Iter:   5934][Loss: 2.365998][lr: 0.000240]
[4:25:12.116456][Epoch:   2][Iter:   6034][Loss: 2.315786][lr: 0.000234]
[4:29:35.709370][Epoch:   2][Iter:   6134][Loss: 2.324266][lr: 0.000228]
[4:33:59.533823][Epoch:   2][Iter:   6234][Loss: 2.328283][lr: 0.000223]
[4:38:23.336370][Epoch:   2][Iter:   6334][Loss: 2.316256][lr: 0.000218]
[4:42:46.757395][Epoch:   2][Iter:   6434][Loss: 2.275979][lr: 0.000212]
[4:47:10.807591][Epoch:   2][Iter:   6534][Loss: 2.309321][lr: 0.000207]
[4:51:34.759353][Epoch:   2][Iter:   6634][Loss: 2.327743][lr: 0.000202]
[4:55:58.282622][Epoch:   2][Iter:   6734][Loss: 2.313130][lr: 0.000198]
[5:00:21.427701][Epoch:   2][Iter:   6834][Loss: 2.276920][lr: 0.000193]
[5:04:44.953999][Epoch:   2][Iter:   6934][Loss: 2.345459][lr: 0.000188]
[5:09:08.836230][Epoch:   2][Iter:   7034][Loss: 2.315847][lr: 0.000184]
[5:13:31.987860][Epoch:   2][Iter:   7134][Loss: 2.268996][lr: 0.000179]
[5:17:55.483048][Epoch:   2][Iter:   7234][Loss: 2.307828][lr: 0.000175]
[5:22:19.511460][Epoch:   2][Iter:   7334][Loss: 2.302408][lr: 0.000171]
[5:26:42.642059][Epoch:   2][Iter:   7434][Loss: 2.283041][lr: 0.000167]
[5:31:06.330635][Epoch:   2][Iter:   7534][Loss: 2.313290][lr: 0.000163]
[5:35:29.513275][Epoch:   2][Iter:   7634][Loss: 2.303302][lr: 0.000159]
[5:39:52.743021][Epoch:   2][Iter:   7734][Loss: 2.278916][lr: 0.000155]
[5:44:16.120458][Epoch:   2][Iter:   7834][Loss: 2.309956][lr: 0.000152]
[5:48:39.520190][Epoch:   2][Iter:   7934][Loss: 2.325683][lr: 0.000148]
[5:53:03.422566][Epoch:   2][Iter:   8034][Loss: 2.312441][lr: 0.000144]
[5:57:27.136899][Epoch:   2][Iter:   8134][Loss: 2.282275][lr: 0.000141]
[6:01:51.128849][Epoch:   2][Iter:   8234][Loss: 2.320068][lr: 0.000138]
[6:06:14.760099][Epoch:   2][Iter:   8334][Loss: 2.294144][lr: 0.000134]
[6:10:38.226494][Epoch:   2][Iter:   8434][Loss: 2.300154][lr: 0.000131]
[6:15:01.857198][Epoch:   2][Iter:   8534][Loss: 2.291393][lr: 0.000128]
[6:19:26.047528][Epoch:   2][Iter:   8634][Loss: 2.289424][lr: 0.000125]
[6:23:50.794120][Epoch:   2][Iter:   8734][Loss: 2.350862][lr: 0.000122]
[6:28:14.786410][Epoch:   2][Iter:   8834][Loss: 2.331353][lr: 0.000119]
[6:32:39.883287][Epoch:   2][Iter:   8934][Loss: 2.190953][lr: 0.000116]
[6:37:04.221516][Epoch:   2][Iter:   9034][Loss: 2.310311][lr: 0.000114]
[6:41:28.977875][Epoch:   2][Iter:   9134][Loss: 2.274177][lr: 0.000111]
[6:45:53.866558][Epoch:   2][Iter:   9234][Loss: 2.276730][lr: 0.000108]
[6:50:17.956201][Epoch:   2][Iter:   9334][Loss: 2.233077][lr: 0.000106]
[6:54:42.856993][Epoch:   2][Iter:   9434][Loss: 2.285499][lr: 0.000103]
[6:59:07.128202][Epoch:   2][Iter:   9534][Loss: 2.218988][lr: 0.000101]
[7:03:30.712151][Epoch:   2][Iter:   9634][Loss: 2.205047][lr: 0.000098]
[7:07:54.845711][Epoch:   2][Iter:   9734][Loss: 2.257898][lr: 0.000096]
[7:12:18.685336][Epoch:   2][Iter:   9834][Loss: 2.314293][lr: 0.000094]
[7:16:42.219487][Epoch:   2][Iter:   9934][Loss: 2.292280][lr: 0.000091]
[7:21:05.433055][Epoch:   2][Iter:  10034][Loss: 2.251464][lr: 0.000089]
[7:25:28.643786][Epoch:   2][Iter:  10134][Loss: 2.229994][lr: 0.000087]
[7:29:52.158660][Epoch:   2][Iter:  10234][Loss: 2.255738][lr: 0.000085]
[7:34:15.132249][Epoch:   2][Iter:  10334][Loss: 2.247586][lr: 0.000083]
[7:38:38.537842][Epoch:   2][Iter:  10434][Loss: 2.256711][lr: 0.000081]
[7:43:01.781139][Epoch:   2][Iter:  10534][Loss: 2.223217][lr: 0.000079]
[7:47:24.559447][Epoch:   2][Iter:  10634][Loss: 2.302513][lr: 0.000077]
[7:51:47.941110][Epoch:   2][Iter:  10734][Loss: 2.315957][lr: 0.000075]
[7:56:11.511316][Epoch:   2][Iter:  10834][Loss: 2.261355][lr: 0.000074]
[8:00:34.753313][Epoch:   2][Iter:  10934][Loss: 2.212979][lr: 0.000072]
[8:04:57.896297][Epoch:   2][Iter:  11034][Loss: 2.268054][lr: 0.000070]
[8:09:21.140618][Epoch:   2][Iter:  11134][Loss: 2.220753][lr: 0.000068]
[8:13:44.149843][Epoch:   2][Iter:  11234][Loss: 2.184591][lr: 0.000067]
[8:18:07.261055][Epoch:   2][Iter:  11334][Loss: 2.265178][lr: 0.000065]
[8:22:30.181452][Epoch:   2][Iter:  11434][Loss: 2.290495][lr: 0.000064]
[8:26:53.296272][Epoch:   2][Iter:  11534][Loss: 2.179523][lr: 0.000062]
[8:31:16.813485][Epoch:   2][Iter:  11634][Loss: 2.256280][lr: 0.000061]
[8:32:45.379898][Epoch:   3][Iter:  11668][Loss: 2.156327][lr: 0.000060]
[8:37:08.209455][Epoch:   3][Iter:  11768][Loss: 2.128640][lr: 0.000059]
[8:41:31.283605][Epoch:   3][Iter:  11868][Loss: 2.092979][lr: 0.000057]
[8:45:53.910103][Epoch:   3][Iter:  11968][Loss: 2.086769][lr: 0.000056]
[8:50:16.835298][Epoch:   3][Iter:  12068][Loss: 2.119103][lr: 0.000055]
[8:54:39.714367][Epoch:   3][Iter:  12168][Loss: 2.108046][lr: 0.000053]
[8:59:02.865273][Epoch:   3][Iter:  12268][Loss: 2.140164][lr: 0.000052]
[9:03:26.180342][Epoch:   3][Iter:  12368][Loss: 2.143923][lr: 0.000051]
[9:07:49.475901][Epoch:   3][Iter:  12468][Loss: 2.116122][lr: 0.000050]
[9:12:12.960660][Epoch:   3][Iter:  12568][Loss: 2.146160][lr: 0.000050]
[9:16:36.060530][Epoch:   3][Iter:  12668][Loss: 2.174718][lr: 0.000050]
[9:20:59.808064][Epoch:   3][Iter:  12768][Loss: 2.098773][lr: 0.000050]
[9:25:23.293293][Epoch:   3][Iter:  12868][Loss: 2.197453][lr: 0.000050]
[9:29:46.662125][Epoch:   3][Iter:  12968][Loss: 2.114618][lr: 0.000050]
[9:34:10.040172][Epoch:   3][Iter:  13068][Loss: 2.185321][lr: 0.000050]
[9:38:33.126477][Epoch:   3][Iter:  13168][Loss: 2.138521][lr: 0.000050]
[9:42:56.073308][Epoch:   3][Iter:  13268][Loss: 2.152307][lr: 0.000050]
[9:47:19.879139][Epoch:   3][Iter:  13368][Loss: 2.170831][lr: 0.000050]
[9:51:43.238482][Epoch:   3][Iter:  13468][Loss: 2.160346][lr: 0.000050]
[9:56:06.300044][Epoch:   3][Iter:  13568][Loss: 2.162904][lr: 0.000050]
[10:00:29.382683][Epoch:   3][Iter:  13668][Loss: 2.155647][lr: 0.000050]
[10:04:52.505364][Epoch:   3][Iter:  13768][Loss: 2.155029][lr: 0.000050]
[10:09:15.762607][Epoch:   3][Iter:  13868][Loss: 2.144605][lr: 0.000050]
[10:13:39.297435][Epoch:   3][Iter:  13968][Loss: 2.085669][lr: 0.000050]
[10:18:02.202097][Epoch:   3][Iter:  14068][Loss: 2.143900][lr: 0.000050]
[10:22:25.432164][Epoch:   3][Iter:  14168][Loss: 2.150121][lr: 0.000050]
[10:26:49.257881][Epoch:   3][Iter:  14268][Loss: 2.118256][lr: 0.000050]
[10:31:12.085443][Epoch:   3][Iter:  14368][Loss: 2.093650][lr: 0.000050]
[10:35:34.969643][Epoch:   3][Iter:  14468][Loss: 2.149756][lr: 0.000050]
[10:39:58.028193][Epoch:   3][Iter:  14568][Loss: 2.117831][lr: 0.000050]
[10:44:21.262751][Epoch:   3][Iter:  14668][Loss: 2.185024][lr: 0.000050]
[10:48:44.189308][Epoch:   3][Iter:  14768][Loss: 2.129305][lr: 0.000050]
[10:53:07.072375][Epoch:   3][Iter:  14868][Loss: 2.102352][lr: 0.000050]
[10:57:30.324097][Epoch:   3][Iter:  14968][Loss: 2.122588][lr: 0.000050]
[11:01:53.843684][Epoch:   3][Iter:  15068][Loss: 2.136920][lr: 0.000050]
[11:06:17.159658][Epoch:   3][Iter:  15168][Loss: 2.137010][lr: 0.000050]
[11:10:40.884993][Epoch:   3][Iter:  15268][Loss: 2.150233][lr: 0.000050]
[11:15:04.365374][Epoch:   3][Iter:  15368][Loss: 2.157327][lr: 0.000050]
[11:19:27.344084][Epoch:   3][Iter:  15468][Loss: 2.125618][lr: 0.000050]
[11:23:50.507188][Epoch:   3][Iter:  15568][Loss: 2.110030][lr: 0.000050]
[11:28:13.857148][Epoch:   3][Iter:  15668][Loss: 2.160163][lr: 0.000050]
[11:32:37.381297][Epoch:   3][Iter:  15768][Loss: 2.189478][lr: 0.000050]
[11:37:00.807700][Epoch:   3][Iter:  15868][Loss: 2.184663][lr: 0.000050]
[11:41:24.341201][Epoch:   3][Iter:  15968][Loss: 2.108974][lr: 0.000050]
[11:45:47.660138][Epoch:   3][Iter:  16068][Loss: 2.145254][lr: 0.000050]
[11:50:11.538267][Epoch:   3][Iter:  16168][Loss: 2.101393][lr: 0.000050]
[11:54:35.024917][Epoch:   3][Iter:  16268][Loss: 2.146554][lr: 0.000050]
[11:58:58.431772][Epoch:   3][Iter:  16368][Loss: 2.123137][lr: 0.000050]
[12:03:21.655949][Epoch:   3][Iter:  16468][Loss: 2.098480][lr: 0.000050]
[12:07:45.035689][Epoch:   3][Iter:  16568][Loss: 2.140893][lr: 0.000050]
[12:12:08.391415][Epoch:   3][Iter:  16668][Loss: 2.140571][lr: 0.000050]
[12:16:31.450569][Epoch:   3][Iter:  16768][Loss: 2.168639][lr: 0.000050]
[12:20:54.978290][Epoch:   3][Iter:  16868][Loss: 2.141241][lr: 0.000050]
[12:25:18.814036][Epoch:   3][Iter:  16968][Loss: 2.146483][lr: 0.000050]
[12:29:42.869638][Epoch:   3][Iter:  17068][Loss: 2.122684][lr: 0.000050]
[12:34:06.288369][Epoch:   3][Iter:  17168][Loss: 2.112476][lr: 0.000050]
[12:38:29.747174][Epoch:   3][Iter:  17268][Loss: 2.160997][lr: 0.000050]
[12:42:53.692790][Epoch:   3][Iter:  17368][Loss: 2.100771][lr: 0.000050]
[12:47:17.746788][Epoch:   3][Iter:  17468][Loss: 2.196135][lr: 0.000050]
[12:48:46.387470][Epoch:   4][Iter:  17502][Loss: 2.141010][lr: 0.000050]
[12:53:10.203639][Epoch:   4][Iter:  17602][Loss: 2.088006][lr: 0.000050]
[12:57:33.555987][Epoch:   4][Iter:  17702][Loss: 2.107183][lr: 0.000050]
[13:01:56.954934][Epoch:   4][Iter:  17802][Loss: 2.052883][lr: 0.000050]
[13:06:20.499240][Epoch:   4][Iter:  17902][Loss: 2.070767][lr: 0.000050]
[13:10:43.784861][Epoch:   4][Iter:  18002][Loss: 2.055010][lr: 0.000050]
[13:15:07.146216][Epoch:   4][Iter:  18102][Loss: 2.033656][lr: 0.000050]
[13:19:30.443214][Epoch:   4][Iter:  18202][Loss: 2.079149][lr: 0.000050]
[13:23:53.781803][Epoch:   4][Iter:  18302][Loss: 2.072077][lr: 0.000050]
[13:28:17.252159][Epoch:   4][Iter:  18402][Loss: 2.022380][lr: 0.000050]
[13:32:40.987065][Epoch:   4][Iter:  18502][Loss: 2.063739][lr: 0.000050]
[13:37:04.609231][Epoch:   4][Iter:  18602][Loss: 2.060123][lr: 0.000050]
[13:41:27.758320][Epoch:   4][Iter:  18702][Loss: 2.021399][lr: 0.000050]
[13:45:51.434839][Epoch:   4][Iter:  18802][Loss: 2.069081][lr: 0.000050]
[13:50:14.976288][Epoch:   4][Iter:  18902][Loss: 2.098151][lr: 0.000050]
[13:54:39.119604][Epoch:   4][Iter:  19002][Loss: 2.086694][lr: 0.000050]
[13:59:03.130101][Epoch:   4][Iter:  19102][Loss: 2.091679][lr: 0.000050]
[14:03:26.899630][Epoch:   4][Iter:  19202][Loss: 2.080962][lr: 0.000050]
[14:07:51.062823][Epoch:   4][Iter:  19302][Loss: 2.128817][lr: 0.000050]
[14:12:14.846130][Epoch:   4][Iter:  19402][Loss: 2.075018][lr: 0.000050]
[14:16:38.513342][Epoch:   4][Iter:  19502][Loss: 2.068683][lr: 0.000050]
[14:21:02.398620][Epoch:   4][Iter:  19602][Loss: 2.118456][lr: 0.000050]
[14:25:26.044037][Epoch:   4][Iter:  19702][Loss: 2.049506][lr: 0.000050]
[14:29:49.634669][Epoch:   4][Iter:  19802][Loss: 2.082984][lr: 0.000050]
[14:34:13.426112][Epoch:   4][Iter:  19902][Loss: 2.086219][lr: 0.000050]
[14:38:37.099184][Epoch:   4][Iter:  20002][Loss: 2.046606][lr: 0.000050]
[14:43:00.754844][Epoch:   4][Iter:  20102][Loss: 2.072228][lr: 0.000050]
[14:47:24.515926][Epoch:   4][Iter:  20202][Loss: 2.098624][lr: 0.000050]
[14:51:47.807138][Epoch:   4][Iter:  20302][Loss: 2.047262][lr: 0.000050]
[14:56:10.883573][Epoch:   4][Iter:  20402][Loss: 2.108726][lr: 0.000050]
[15:00:34.284859][Epoch:   4][Iter:  20502][Loss: 2.090643][lr: 0.000050]
[15:04:57.798415][Epoch:   4][Iter:  20602][Loss: 2.142818][lr: 0.000050]
[15:09:21.015477][Epoch:   4][Iter:  20702][Loss: 2.117619][lr: 0.000050]
[15:13:44.642547][Epoch:   4][Iter:  20802][Loss: 2.053620][lr: 0.000050]
[15:18:08.367802][Epoch:   4][Iter:  20902][Loss: 2.083219][lr: 0.000050]
[15:22:31.743010][Epoch:   4][Iter:  21002][Loss: 2.084800][lr: 0.000050]
[15:26:55.455279][Epoch:   4][Iter:  21102][Loss: 2.091070][lr: 0.000050]
[15:31:18.723520][Epoch:   4][Iter:  21202][Loss: 2.101602][lr: 0.000050]
[15:35:42.450281][Epoch:   4][Iter:  21302][Loss: 2.064487][lr: 0.000050]
[15:40:06.154518][Epoch:   4][Iter:  21402][Loss: 2.064767][lr: 0.000050]
[15:44:30.080413][Epoch:   4][Iter:  21502][Loss: 2.094147][lr: 0.000050]
[15:48:53.690654][Epoch:   4][Iter:  21602][Loss: 2.109086][lr: 0.000050]
[15:53:16.989219][Epoch:   4][Iter:  21702][Loss: 2.034034][lr: 0.000050]
[15:57:40.413321][Epoch:   4][Iter:  21802][Loss: 2.101326][lr: 0.000050]
[16:02:03.666156][Epoch:   4][Iter:  21902][Loss: 2.112478][lr: 0.000050]
[16:06:27.221568][Epoch:   4][Iter:  22002][Loss: 2.109214][lr: 0.000050]
[16:10:50.613445][Epoch:   4][Iter:  22102][Loss: 2.175744][lr: 0.000050]
[16:15:14.414152][Epoch:   4][Iter:  22202][Loss: 2.100398][lr: 0.000050]
[16:19:38.030838][Epoch:   4][Iter:  22302][Loss: 2.102981][lr: 0.000050]
[16:24:01.512795][Epoch:   4][Iter:  22402][Loss: 2.091779][lr: 0.000050]
[16:28:24.986107][Epoch:   4][Iter:  22502][Loss: 2.137559][lr: 0.000050]
[16:32:48.649673][Epoch:   4][Iter:  22602][Loss: 2.082641][lr: 0.000050]
[16:37:12.119821][Epoch:   4][Iter:  22702][Loss: 2.105834][lr: 0.000050]
[16:41:35.942089][Epoch:   4][Iter:  22802][Loss: 2.062383][lr: 0.000050]
[16:45:59.841927][Epoch:   4][Iter:  22902][Loss: 2.062319][lr: 0.000050]
[16:50:23.586212][Epoch:   4][Iter:  23002][Loss: 2.105588][lr: 0.000050]
[16:54:46.782235][Epoch:   4][Iter:  23102][Loss: 2.078196][lr: 0.000050]
[16:59:10.559363][Epoch:   4][Iter:  23202][Loss: 2.060509][lr: 0.000050]
[17:03:34.297117][Epoch:   4][Iter:  23302][Loss: 2.054629][lr: 0.000050]
[17:05:03.048002][Epoch:   5][Iter:  23336][Loss: 2.050876][lr: 0.000050]
[17:09:26.535468][Epoch:   5][Iter:  23436][Loss: 2.072830][lr: 0.000050]
[17:13:50.060190][Epoch:   5][Iter:  23536][Loss: 2.017373][lr: 0.000050]
[17:18:13.689850][Epoch:   5][Iter:  23636][Loss: 2.013561][lr: 0.000050]
[17:22:37.524131][Epoch:   5][Iter:  23736][Loss: 2.066195][lr: 0.000050]
[17:27:00.729542][Epoch:   5][Iter:  23836][Loss: 2.028194][lr: 0.000050]
[17:31:24.148134][Epoch:   5][Iter:  23936][Loss: 2.048771][lr: 0.000050]
[17:35:48.022442][Epoch:   5][Iter:  24036][Loss: 2.025366][lr: 0.000050]
[17:40:11.613346][Epoch:   5][Iter:  24136][Loss: 2.076340][lr: 0.000050]
[17:44:35.526336][Epoch:   5][Iter:  24236][Loss: 2.037339][lr: 0.000050]
[17:48:59.024157][Epoch:   5][Iter:  24336][Loss: 2.016191][lr: 0.000050]
[17:53:22.496538][Epoch:   5][Iter:  24436][Loss: 2.105742][lr: 0.000050]
[17:57:45.975327][Epoch:   5][Iter:  24536][Loss: 2.070544][lr: 0.000050]
[18:02:09.959174][Epoch:   5][Iter:  24636][Loss: 2.049903][lr: 0.000050]
[18:06:33.312038][Epoch:   5][Iter:  24736][Loss: 2.044093][lr: 0.000050]
[18:10:57.373050][Epoch:   5][Iter:  24836][Loss: 2.037617][lr: 0.000050]
[18:15:21.378758][Epoch:   5][Iter:  24936][Loss: 2.031260][lr: 0.000050]
[18:19:45.720734][Epoch:   5][Iter:  25036][Loss: 2.077317][lr: 0.000050]
[18:24:11.095474][Epoch:   5][Iter:  25136][Loss: 2.065772][lr: 0.000050]
[18:28:36.221476][Epoch:   5][Iter:  25236][Loss: 2.033729][lr: 0.000050]
[18:33:01.889823][Epoch:   5][Iter:  25336][Loss: 2.015107][lr: 0.000050]
[18:37:27.894388][Epoch:   5][Iter:  25436][Loss: 2.064016][lr: 0.000050]
[18:41:53.620656][Epoch:   5][Iter:  25536][Loss: 2.002894][lr: 0.000050]
[18:46:18.882911][Epoch:   5][Iter:  25636][Loss: 2.088469][lr: 0.000050]
[18:50:44.410715][Epoch:   5][Iter:  25736][Loss: 2.092401][lr: 0.000050]
[18:55:09.970424][Epoch:   5][Iter:  25836][Loss: 2.017899][lr: 0.000050]
[18:59:35.569906][Epoch:   5][Iter:  25936][Loss: 2.038883][lr: 0.000050]
[19:04:01.112658][Epoch:   5][Iter:  26036][Loss: 2.088559][lr: 0.000050]
[19:08:26.353779][Epoch:   5][Iter:  26136][Loss: 2.079710][lr: 0.000050]
[19:12:51.869087][Epoch:   5][Iter:  26236][Loss: 2.135692][lr: 0.000050]
[19:17:17.463731][Epoch:   5][Iter:  26336][Loss: 2.052509][lr: 0.000050]
[19:21:42.830784][Epoch:   5][Iter:  26436][Loss: 2.058161][lr: 0.000050]
[19:26:08.037239][Epoch:   5][Iter:  26536][Loss: 2.051530][lr: 0.000050]
[19:30:31.990664][Epoch:   5][Iter:  26636][Loss: 2.051343][lr: 0.000050]
[19:34:55.044542][Epoch:   5][Iter:  26736][Loss: 2.030892][lr: 0.000050]
[19:39:18.650784][Epoch:   5][Iter:  26836][Loss: 2.102326][lr: 0.000050]
[19:43:42.352446][Epoch:   5][Iter:  26936][Loss: 2.055350][lr: 0.000050]
[19:48:06.046521][Epoch:   5][Iter:  27036][Loss: 2.050050][lr: 0.000050]
[19:52:29.337170][Epoch:   5][Iter:  27136][Loss: 2.046479][lr: 0.000050]
[19:56:52.959601][Epoch:   5][Iter:  27236][Loss: 2.039137][lr: 0.000050]
[20:01:16.791791][Epoch:   5][Iter:  27336][Loss: 2.039598][lr: 0.000050]
[20:05:40.056419][Epoch:   5][Iter:  27436][Loss: 2.020594][lr: 0.000050]
[20:10:03.366763][Epoch:   5][Iter:  27536][Loss: 2.018001][lr: 0.000050]
[20:14:27.026976][Epoch:   5][Iter:  27636][Loss: 2.068533][lr: 0.000050]
[20:18:51.002631][Epoch:   5][Iter:  27736][Loss: 2.087950][lr: 0.000050]
[20:23:14.533509][Epoch:   5][Iter:  27836][Loss: 2.003819][lr: 0.000050]
[20:27:38.198626][Epoch:   5][Iter:  27936][Loss: 2.046945][lr: 0.000050]
[20:32:01.694013][Epoch:   5][Iter:  28036][Loss: 2.065645][lr: 0.000050]
[20:36:25.510200][Epoch:   5][Iter:  28136][Loss: 2.077695][lr: 0.000050]
[20:40:49.031327][Epoch:   5][Iter:  28236][Loss: 2.016166][lr: 0.000050]
input_img           : data/0.9/data_img.h5
input_ques          : data/0.9/visdial_data.h5
input_json          : data/0.9/visdial_params.json
img_norm            : 1
size_limit          : -1
breakdown_analysis  : False
img_feature_size    : 4096
img_embed_size      : 512
embed_size          : 300
rnn_hidden_size     : 512
num_layers          : 2
max_history_len     : 60
dropout             : 0.5
encoder             : lf-ques-im-hist
decoder             : disc
num_epochs          : 20
batch_size          : 12
lr                  : 0.001
lr_decay_rate       : 0.9997592083
min_lr              : 5e-05
weight_init         : xavier
overfit             : False
gpuid               : 0
load_path           : checkpoints/28-Nov-2018-22:22:06/model_epoch_4.pth
save_path           : checkpoints/30-Nov-2018-01:49:14
save_step           : 1
concat_history      : True
partial_concat_history: False
Dataloader loading json file: data/0.9/visdial_params.json
Vocab size with <START>, <END>: 9795
Dataloader loading h5 file: data/0.9/visdial_data.h5
Dataloader loading h5 file: data/0.9/data_img.h5

Processing split [train]...
Reading image features...
Normalizing image features...
[train] no. of threads: 70000
	Max no. of rounds: 10
	Max ques len: 20
	Max ans len: 20
5834 iter per epoch.
/home/ubuntu/project_copy/VisualDialogProject/baseline/visdial/encoders/lf.py:49: UserWarning: nn.init.xavier_uniform is now deprecated in favor of nn.init.xavier_uniform_.
  nn.init.xavier_uniform(self.fusion.weight.data)
/home/ubuntu/project_copy/VisualDialogProject/baseline/visdial/encoders/lf.py:52: UserWarning: nn.init.constant is now deprecated in favor of nn.init.constant_.
  nn.init.constant(self.fusion.bias.data, 0)
Loaded model from checkpoints/28-Nov-2018-22:22:06/model_epoch_4.pth
Encoder: lf-ques-im-hist
Decoder: disc
Training start time: 30-Nov-2018-01:50:40
train.py:175: UserWarning: invalid index of a 0-dim tensor. This will be an error in PyTorch 0.5. Use tensor.item() to convert a 0-dim tensor to a Python number
  running_loss = cur_loss.data[0]
[0:00:10.247157][Epoch:   1][Iter:      0][Loss: 2.203500][lr: 0.001000]
train.py:173: UserWarning: invalid index of a 0-dim tensor. This will be an error in PyTorch 0.5. Use tensor.item() to convert a 0-dim tensor to a Python number
  running_loss = 0.95 * running_loss + 0.05 * cur_loss.data[0]
[0:04:40.602287][Epoch:   1][Iter:    100][Loss: 2.295090][lr: 0.000976]
[0:09:18.464759][Epoch:   1][Iter:    200][Loss: 2.215158][lr: 0.000953]
[0:13:49.475995][Epoch:   1][Iter:    300][Loss: 2.242065][lr: 0.000930]
[0:18:16.519465][Epoch:   1][Iter:    400][Loss: 2.190135][lr: 0.000908]
[0:22:51.737808][Epoch:   1][Iter:    500][Loss: 2.289050][lr: 0.000887]
[0:27:56.885141][Epoch:   1][Iter:    600][Loss: 2.252551][lr: 0.000865]
[0:32:52.419479][Epoch:   1][Iter:    700][Loss: 2.203274][lr: 0.000845]
[0:37:20.561380][Epoch:   1][Iter:    800][Loss: 2.195837][lr: 0.000825]
[0:41:49.846789][Epoch:   1][Iter:    900][Loss: 2.151862][lr: 0.000805]
[0:46:21.660414][Epoch:   1][Iter:   1000][Loss: 2.195154][lr: 0.000786]
[0:50:49.348401][Epoch:   1][Iter:   1100][Loss: 2.147789][lr: 0.000767]
[0:55:15.876242][Epoch:   1][Iter:   1200][Loss: 2.153834][lr: 0.000749]
[0:59:42.047859][Epoch:   1][Iter:   1300][Loss: 2.154675][lr: 0.000731]
[1:04:05.675899][Epoch:   1][Iter:   1400][Loss: 2.143699][lr: 0.000714]
[1:08:29.914655][Epoch:   1][Iter:   1500][Loss: 2.131708][lr: 0.000697]
[1:12:59.876687][Epoch:   1][Iter:   1600][Loss: 2.098505][lr: 0.000680]
[1:17:28.303173][Epoch:   1][Iter:   1700][Loss: 2.119092][lr: 0.000664]
[1:21:56.770716][Epoch:   1][Iter:   1800][Loss: 2.148515][lr: 0.000648]
[1:26:30.043023][Epoch:   1][Iter:   1900][Loss: 2.179285][lr: 0.000633]
[1:30:59.916360][Epoch:   1][Iter:   2000][Loss: 2.092085][lr: 0.000618]
[1:35:34.919374][Epoch:   1][Iter:   2100][Loss: 2.153472][lr: 0.000603]
[1:40:07.293559][Epoch:   1][Iter:   2200][Loss: 2.104721][lr: 0.000589]
[1:44:36.643570][Epoch:   1][Iter:   2300][Loss: 2.135133][lr: 0.000575]
[1:49:08.448381][Epoch:   1][Iter:   2400][Loss: 2.111538][lr: 0.000561]
[1:53:47.627860][Epoch:   1][Iter:   2500][Loss: 2.107341][lr: 0.000548]
[1:58:20.477536][Epoch:   1][Iter:   2600][Loss: 2.099944][lr: 0.000535]
[2:02:46.625012][Epoch:   1][Iter:   2700][Loss: 2.080222][lr: 0.000522]
[2:07:12.489618][Epoch:   1][Iter:   2800][Loss: 2.149458][lr: 0.000510]
[2:11:42.971520][Epoch:   1][Iter:   2900][Loss: 2.144834][lr: 0.000497]
[2:16:22.362226][Epoch:   1][Iter:   3000][Loss: 2.142478][lr: 0.000486]
[2:20:46.029155][Epoch:   1][Iter:   3100][Loss: 2.094619][lr: 0.000474]
[2:25:16.568020][Epoch:   1][Iter:   3200][Loss: 2.128546][lr: 0.000463]
[2:29:48.544771][Epoch:   1][Iter:   3300][Loss: 2.116237][lr: 0.000452]
[2:34:18.681331][Epoch:   1][Iter:   3400][Loss: 2.126768][lr: 0.000441]
[2:38:42.040507][Epoch:   1][Iter:   3500][Loss: 2.099213][lr: 0.000430]
[2:43:05.255165][Epoch:   1][Iter:   3600][Loss: 2.107245][lr: 0.000420]
[2:47:28.286158][Epoch:   1][Iter:   3700][Loss: 2.099711][lr: 0.000410]
[2:51:51.965830][Epoch:   1][Iter:   3800][Loss: 2.119719][lr: 0.000400]
[2:56:15.360673][Epoch:   1][Iter:   3900][Loss: 2.159752][lr: 0.000391]
[3:00:39.119261][Epoch:   1][Iter:   4000][Loss: 2.124214][lr: 0.000382]
[3:05:02.445557][Epoch:   1][Iter:   4100][Loss: 2.148890][lr: 0.000373]
[3:09:26.169163][Epoch:   1][Iter:   4200][Loss: 2.107059][lr: 0.000364]
[3:13:49.719090][Epoch:   1][Iter:   4300][Loss: 2.076346][lr: 0.000355]
[3:18:13.594572][Epoch:   1][Iter:   4400][Loss: 2.202428][lr: 0.000347]
[3:22:37.202490][Epoch:   1][Iter:   4500][Loss: 2.088507][lr: 0.000338]
[3:27:01.005911][Epoch:   1][Iter:   4600][Loss: 2.093999][lr: 0.000330]
[3:31:24.699550][Epoch:   1][Iter:   4700][Loss: 2.158506][lr: 0.000322]
[3:35:48.516707][Epoch:   1][Iter:   4800][Loss: 2.174368][lr: 0.000315]
[3:40:12.552178][Epoch:   1][Iter:   4900][Loss: 2.186601][lr: 0.000307]
[3:44:36.415467][Epoch:   1][Iter:   5000][Loss: 2.153584][lr: 0.000300]
[3:49:00.407693][Epoch:   1][Iter:   5100][Loss: 2.153703][lr: 0.000293]
[3:53:24.551890][Epoch:   1][Iter:   5200][Loss: 2.159812][lr: 0.000286]
[3:57:47.946542][Epoch:   1][Iter:   5300][Loss: 2.163959][lr: 0.000279]
[4:02:12.053226][Epoch:   1][Iter:   5400][Loss: 2.144189][lr: 0.000272]
[4:06:36.620985][Epoch:   1][Iter:   5500][Loss: 2.102936][lr: 0.000266]
[4:11:00.820221][Epoch:   1][Iter:   5600][Loss: 2.144709][lr: 0.000260]
[4:15:24.986763][Epoch:   1][Iter:   5700][Loss: 2.078255][lr: 0.000253]
[4:19:48.738587][Epoch:   1][Iter:   5800][Loss: 2.140700][lr: 0.000247]
[4:21:17.475271][Epoch:   2][Iter:   5834][Loss: 2.087850][lr: 0.000245]
[4:25:41.796839][Epoch:   2][Iter:   5934][Loss: 1.882922][lr: 0.000240]
[4:30:05.746702][Epoch:   2][Iter:   6034][Loss: 1.834542][lr: 0.000234]
[4:34:29.710017][Epoch:   2][Iter:   6134][Loss: 1.838711][lr: 0.000228]
[4:38:53.840114][Epoch:   2][Iter:   6234][Loss: 1.851804][lr: 0.000223]
[4:43:18.022204][Epoch:   2][Iter:   6334][Loss: 1.835746][lr: 0.000218]
[4:47:41.868158][Epoch:   2][Iter:   6434][Loss: 1.811108][lr: 0.000212]
[4:52:06.191515][Epoch:   2][Iter:   6534][Loss: 1.849721][lr: 0.000207]
[4:56:30.290820][Epoch:   2][Iter:   6634][Loss: 1.864506][lr: 0.000202]
[5:00:54.388181][Epoch:   2][Iter:   6734][Loss: 1.861280][lr: 0.000198]
[5:05:18.233301][Epoch:   2][Iter:   6834][Loss: 1.845698][lr: 0.000193]
[5:09:42.431641][Epoch:   2][Iter:   6934][Loss: 1.888128][lr: 0.000188]
[5:14:06.591803][Epoch:   2][Iter:   7034][Loss: 1.890341][lr: 0.000184]
[5:18:30.039061][Epoch:   2][Iter:   7134][Loss: 1.865676][lr: 0.000179]
[5:22:53.515218][Epoch:   2][Iter:   7234][Loss: 1.886965][lr: 0.000175]
[5:27:17.368018][Epoch:   2][Iter:   7334][Loss: 1.895230][lr: 0.000171]
[5:31:40.833132][Epoch:   2][Iter:   7434][Loss: 1.863912][lr: 0.000167]
[5:36:04.594031][Epoch:   2][Iter:   7534][Loss: 1.905455][lr: 0.000163]
[5:40:28.224282][Epoch:   2][Iter:   7634][Loss: 1.899101][lr: 0.000159]
[5:44:51.763584][Epoch:   2][Iter:   7734][Loss: 1.877551][lr: 0.000155]
[5:49:15.088733][Epoch:   2][Iter:   7834][Loss: 1.902290][lr: 0.000152]
[5:53:38.620698][Epoch:   2][Iter:   7934][Loss: 1.924025][lr: 0.000148]
[5:58:02.452560][Epoch:   2][Iter:   8034][Loss: 1.921893][lr: 0.000144]
[6:02:26.021866][Epoch:   2][Iter:   8134][Loss: 1.890133][lr: 0.000141]
[6:06:49.516597][Epoch:   2][Iter:   8234][Loss: 1.927251][lr: 0.000138]
[6:11:13.415077][Epoch:   2][Iter:   8334][Loss: 1.901331][lr: 0.000134]
[6:15:36.835064][Epoch:   2][Iter:   8434][Loss: 1.906650][lr: 0.000131]
[6:20:00.404816][Epoch:   2][Iter:   8534][Loss: 1.926864][lr: 0.000128]
[6:24:24.220664][Epoch:   2][Iter:   8634][Loss: 1.907554][lr: 0.000125]
[6:28:48.126642][Epoch:   2][Iter:   8734][Loss: 1.988590][lr: 0.000122]
[6:33:11.724661][Epoch:   2][Iter:   8834][Loss: 1.964423][lr: 0.000119]
[6:37:35.236116][Epoch:   2][Iter:   8934][Loss: 1.849313][lr: 0.000116]
[6:41:59.083053][Epoch:   2][Iter:   9034][Loss: 1.938618][lr: 0.000114]
[6:46:22.838963][Epoch:   2][Iter:   9134][Loss: 1.933426][lr: 0.000111]
[6:50:46.504471][Epoch:   2][Iter:   9234][Loss: 1.931535][lr: 0.000108]
[6:55:10.189903][Epoch:   2][Iter:   9334][Loss: 1.883286][lr: 0.000106]
[6:59:33.874902][Epoch:   2][Iter:   9434][Loss: 1.937001][lr: 0.000103]
[7:03:57.542290][Epoch:   2][Iter:   9534][Loss: 1.886219][lr: 0.000101]
[7:08:20.830363][Epoch:   2][Iter:   9634][Loss: 1.879405][lr: 0.000098]
[7:12:44.455386][Epoch:   2][Iter:   9734][Loss: 1.925425][lr: 0.000096]
[7:17:07.837762][Epoch:   2][Iter:   9834][Loss: 1.980089][lr: 0.000094]
[7:21:31.606344][Epoch:   2][Iter:   9934][Loss: 1.952348][lr: 0.000091]
[7:25:55.335537][Epoch:   2][Iter:  10034][Loss: 1.933441][lr: 0.000089]
[7:30:19.099857][Epoch:   2][Iter:  10134][Loss: 1.909337][lr: 0.000087]
[7:34:43.284656][Epoch:   2][Iter:  10234][Loss: 1.921378][lr: 0.000085]
[7:39:06.891959][Epoch:   2][Iter:  10334][Loss: 1.937300][lr: 0.000083]
[7:43:30.543660][Epoch:   2][Iter:  10434][Loss: 1.938829][lr: 0.000081]
[7:47:54.432861][Epoch:   2][Iter:  10534][Loss: 1.890202][lr: 0.000079]
[7:52:17.983593][Epoch:   2][Iter:  10634][Loss: 1.988955][lr: 0.000077]
[7:56:41.835174][Epoch:   2][Iter:  10734][Loss: 1.993296][lr: 0.000075]
[8:01:05.488307][Epoch:   2][Iter:  10834][Loss: 1.951016][lr: 0.000074]
[8:05:29.158128][Epoch:   2][Iter:  10934][Loss: 1.894291][lr: 0.000072]
[8:09:52.749690][Epoch:   2][Iter:  11034][Loss: 1.965822][lr: 0.000070]
[8:14:16.568154][Epoch:   2][Iter:  11134][Loss: 1.904404][lr: 0.000068]
[8:18:40.419254][Epoch:   2][Iter:  11234][Loss: 1.890695][lr: 0.000067]
[8:23:04.509791][Epoch:   2][Iter:  11334][Loss: 1.959441][lr: 0.000065]
[8:27:28.313206][Epoch:   2][Iter:  11434][Loss: 1.983755][lr: 0.000064]
[8:31:51.963121][Epoch:   2][Iter:  11534][Loss: 1.894432][lr: 0.000062]
[8:36:15.987283][Epoch:   2][Iter:  11634][Loss: 1.962114][lr: 0.000061]
[8:37:44.759041][Epoch:   3][Iter:  11668][Loss: 1.872991][lr: 0.000060]
[8:42:08.138948][Epoch:   3][Iter:  11768][Loss: 1.795247][lr: 0.000059]
[8:46:32.114557][Epoch:   3][Iter:  11868][Loss: 1.765058][lr: 0.000057]
[8:50:55.763223][Epoch:   3][Iter:  11968][Loss: 1.737474][lr: 0.000056]
[8:55:19.835352][Epoch:   3][Iter:  12068][Loss: 1.786885][lr: 0.000055]
[8:59:43.749924][Epoch:   3][Iter:  12168][Loss: 1.769415][lr: 0.000053]
[9:04:07.671549][Epoch:   3][Iter:  12268][Loss: 1.792516][lr: 0.000052]
[9:08:31.490683][Epoch:   3][Iter:  12368][Loss: 1.815942][lr: 0.000051]
[9:12:55.219010][Epoch:   3][Iter:  12468][Loss: 1.802156][lr: 0.000050]
[9:17:19.250118][Epoch:   3][Iter:  12568][Loss: 1.818614][lr: 0.000050]
[9:21:42.987708][Epoch:   3][Iter:  12668][Loss: 1.834405][lr: 0.000050]
[9:26:07.081718][Epoch:   3][Iter:  12768][Loss: 1.780825][lr: 0.000050]
[9:30:30.844431][Epoch:   3][Iter:  12868][Loss: 1.842266][lr: 0.000050]
[9:34:54.964443][Epoch:   3][Iter:  12968][Loss: 1.795778][lr: 0.000050]
[9:39:18.730362][Epoch:   3][Iter:  13068][Loss: 1.838079][lr: 0.000050]
[9:43:42.324063][Epoch:   3][Iter:  13168][Loss: 1.806297][lr: 0.000050]
[9:48:05.906488][Epoch:   3][Iter:  13268][Loss: 1.814224][lr: 0.000050]
[9:52:29.993214][Epoch:   3][Iter:  13368][Loss: 1.826166][lr: 0.000050]
[9:56:54.017198][Epoch:   3][Iter:  13468][Loss: 1.823383][lr: 0.000050]
[10:01:17.736371][Epoch:   3][Iter:  13568][Loss: 1.845505][lr: 0.000050]
[10:05:41.480815][Epoch:   3][Iter:  13668][Loss: 1.819477][lr: 0.000050]
[10:10:05.024768][Epoch:   3][Iter:  13768][Loss: 1.829185][lr: 0.000050]
[10:14:28.655044][Epoch:   3][Iter:  13868][Loss: 1.815676][lr: 0.000050]
[10:18:52.532507][Epoch:   3][Iter:  13968][Loss: 1.771127][lr: 0.000050]
[10:23:16.046562][Epoch:   3][Iter:  14068][Loss: 1.818515][lr: 0.000050]
[10:27:39.723877][Epoch:   3][Iter:  14168][Loss: 1.825209][lr: 0.000050]
[10:32:03.482203][Epoch:   3][Iter:  14268][Loss: 1.796715][lr: 0.000050]
[10:36:27.002118][Epoch:   3][Iter:  14368][Loss: 1.786836][lr: 0.000050]
[10:40:50.527397][Epoch:   3][Iter:  14468][Loss: 1.824015][lr: 0.000050]
[10:45:14.352251][Epoch:   3][Iter:  14568][Loss: 1.795534][lr: 0.000050]
[10:49:38.002202][Epoch:   3][Iter:  14668][Loss: 1.864466][lr: 0.000050]
[10:54:01.686577][Epoch:   3][Iter:  14768][Loss: 1.807942][lr: 0.000050]
[10:58:25.241910][Epoch:   3][Iter:  14868][Loss: 1.778316][lr: 0.000050]
[11:02:48.794848][Epoch:   3][Iter:  14968][Loss: 1.804506][lr: 0.000050]
[11:07:12.722816][Epoch:   3][Iter:  15068][Loss: 1.825119][lr: 0.000050]
[11:11:36.514064][Epoch:   3][Iter:  15168][Loss: 1.823169][lr: 0.000050]
[11:16:00.653867][Epoch:   3][Iter:  15268][Loss: 1.835334][lr: 0.000050]
[11:20:24.535274][Epoch:   3][Iter:  15368][Loss: 1.818935][lr: 0.000050]
[11:24:47.869581][Epoch:   3][Iter:  15468][Loss: 1.794047][lr: 0.000050]
[11:29:11.366651][Epoch:   3][Iter:  15568][Loss: 1.790668][lr: 0.000050]
[11:33:35.078165][Epoch:   3][Iter:  15668][Loss: 1.825035][lr: 0.000050]
[11:37:58.904351][Epoch:   3][Iter:  15768][Loss: 1.863826][lr: 0.000050]
[11:42:22.648117][Epoch:   3][Iter:  15868][Loss: 1.847554][lr: 0.000050]
[11:46:46.385749][Epoch:   3][Iter:  15968][Loss: 1.790828][lr: 0.000050]
[11:51:09.461282][Epoch:   3][Iter:  16068][Loss: 1.833508][lr: 0.000050]
[11:55:33.228634][Epoch:   3][Iter:  16168][Loss: 1.778260][lr: 0.000050]
[11:59:56.990822][Epoch:   3][Iter:  16268][Loss: 1.843179][lr: 0.000050]
[12:04:20.765486][Epoch:   3][Iter:  16368][Loss: 1.801975][lr: 0.000050]
[12:08:44.201193][Epoch:   3][Iter:  16468][Loss: 1.786905][lr: 0.000050]
[12:13:07.862124][Epoch:   3][Iter:  16568][Loss: 1.824798][lr: 0.000050]
[12:17:31.374175][Epoch:   3][Iter:  16668][Loss: 1.807414][lr: 0.000050]
[12:21:54.751981][Epoch:   3][Iter:  16768][Loss: 1.845760][lr: 0.000050]
[12:26:18.350502][Epoch:   3][Iter:  16868][Loss: 1.834100][lr: 0.000050]
[12:30:42.133176][Epoch:   3][Iter:  16968][Loss: 1.823174][lr: 0.000050]
[12:35:06.015489][Epoch:   3][Iter:  17068][Loss: 1.790686][lr: 0.000050]
[12:39:29.680165][Epoch:   3][Iter:  17168][Loss: 1.803885][lr: 0.000050]
[12:43:53.353504][Epoch:   3][Iter:  17268][Loss: 1.830456][lr: 0.000050]
[12:48:17.258387][Epoch:   3][Iter:  17368][Loss: 1.792823][lr: 0.000050]
[12:52:40.736740][Epoch:   3][Iter:  17468][Loss: 1.870239][lr: 0.000050]
[12:54:09.373087][Epoch:   4][Iter:  17502][Loss: 1.796151][lr: 0.000050]
[12:58:33.208512][Epoch:   4][Iter:  17602][Loss: 1.757115][lr: 0.000050]
[13:02:56.781707][Epoch:   4][Iter:  17702][Loss: 1.791283][lr: 0.000050]
[13:07:20.587348][Epoch:   4][Iter:  17802][Loss: 1.730974][lr: 0.000050]
[13:11:44.470972][Epoch:   4][Iter:  17902][Loss: 1.747903][lr: 0.000050]
[13:16:08.121166][Epoch:   4][Iter:  18002][Loss: 1.718481][lr: 0.000050]
[13:20:31.739537][Epoch:   4][Iter:  18102][Loss: 1.718529][lr: 0.000050]
[13:24:55.471311][Epoch:   4][Iter:  18202][Loss: 1.768432][lr: 0.000050]
[13:29:19.135186][Epoch:   4][Iter:  18302][Loss: 1.758417][lr: 0.000050]
[13:33:42.888546][Epoch:   4][Iter:  18402][Loss: 1.701304][lr: 0.000050]
[13:38:06.855744][Epoch:   4][Iter:  18502][Loss: 1.733692][lr: 0.000050]
[13:42:30.491125][Epoch:   4][Iter:  18602][Loss: 1.727793][lr: 0.000050]
[13:46:53.855186][Epoch:   4][Iter:  18702][Loss: 1.703042][lr: 0.000050]
[13:51:17.523952][Epoch:   4][Iter:  18802][Loss: 1.743878][lr: 0.000050]
[13:55:41.035545][Epoch:   4][Iter:  18902][Loss: 1.760105][lr: 0.000050]
[14:00:05.057445][Epoch:   4][Iter:  19002][Loss: 1.772271][lr: 0.000050]
[14:04:28.545054][Epoch:   4][Iter:  19102][Loss: 1.757208][lr: 0.000050]
[14:08:51.925512][Epoch:   4][Iter:  19202][Loss: 1.749834][lr: 0.000050]
[14:13:15.563868][Epoch:   4][Iter:  19302][Loss: 1.804354][lr: 0.000050]
[14:17:39.031980][Epoch:   4][Iter:  19402][Loss: 1.770776][lr: 0.000050]
[14:22:02.756196][Epoch:   4][Iter:  19502][Loss: 1.754007][lr: 0.000050]
[14:26:27.075873][Epoch:   4][Iter:  19602][Loss: 1.783475][lr: 0.000050]
[14:30:51.678748][Epoch:   4][Iter:  19702][Loss: 1.744052][lr: 0.000050]
[14:35:16.088658][Epoch:   4][Iter:  19802][Loss: 1.759327][lr: 0.000050]
[14:39:40.510750][Epoch:   4][Iter:  19902][Loss: 1.758721][lr: 0.000050]
[14:44:05.065148][Epoch:   4][Iter:  20002][Loss: 1.722867][lr: 0.000050]
[14:48:29.816156][Epoch:   4][Iter:  20102][Loss: 1.774373][lr: 0.000050]
[14:52:54.872422][Epoch:   4][Iter:  20202][Loss: 1.763174][lr: 0.000050]
[14:57:19.449155][Epoch:   4][Iter:  20302][Loss: 1.751892][lr: 0.000050]
[15:01:43.780290][Epoch:   4][Iter:  20402][Loss: 1.801775][lr: 0.000050]
[15:06:08.397072][Epoch:   4][Iter:  20502][Loss: 1.772033][lr: 0.000050]
[15:10:32.802904][Epoch:   4][Iter:  20602][Loss: 1.815498][lr: 0.000050]
[15:14:57.068698][Epoch:   4][Iter:  20702][Loss: 1.806891][lr: 0.000050]
[15:19:21.914725][Epoch:   4][Iter:  20802][Loss: 1.749945][lr: 0.000050]
[15:23:46.580379][Epoch:   4][Iter:  20902][Loss: 1.770737][lr: 0.000050]
[15:28:11.192996][Epoch:   4][Iter:  21002][Loss: 1.767278][lr: 0.000050]
[15:32:36.087077][Epoch:   4][Iter:  21102][Loss: 1.770100][lr: 0.000050]
[15:37:00.386574][Epoch:   4][Iter:  21202][Loss: 1.791038][lr: 0.000050]
[15:41:24.907771][Epoch:   4][Iter:  21302][Loss: 1.760016][lr: 0.000050]
[15:45:49.383626][Epoch:   4][Iter:  21402][Loss: 1.762508][lr: 0.000050]
[15:50:14.073826][Epoch:   4][Iter:  21502][Loss: 1.783022][lr: 0.000050]
[15:54:38.662023][Epoch:   4][Iter:  21602][Loss: 1.798465][lr: 0.000050]
[15:59:03.270894][Epoch:   4][Iter:  21702][Loss: 1.713189][lr: 0.000050]
[16:03:27.986863][Epoch:   4][Iter:  21802][Loss: 1.799638][lr: 0.000050]
[16:07:52.224206][Epoch:   4][Iter:  21902][Loss: 1.778163][lr: 0.000050]
[16:12:16.827724][Epoch:   4][Iter:  22002][Loss: 1.791555][lr: 0.000050]
[16:16:41.388365][Epoch:   4][Iter:  22102][Loss: 1.859297][lr: 0.000050]
[16:21:08.142439][Epoch:   4][Iter:  22202][Loss: 1.799910][lr: 0.000050]
[16:25:50.857079][Epoch:   4][Iter:  22302][Loss: 1.784556][lr: 0.000050]
[16:30:18.753481][Epoch:   4][Iter:  22402][Loss: 1.786378][lr: 0.000050]
[16:34:43.533221][Epoch:   4][Iter:  22502][Loss: 1.801126][lr: 0.000050]
[16:39:08.716888][Epoch:   4][Iter:  22602][Loss: 1.773209][lr: 0.000050]
[16:43:33.104360][Epoch:   4][Iter:  22702][Loss: 1.804971][lr: 0.000050]
[16:47:58.184914][Epoch:   4][Iter:  22802][Loss: 1.744748][lr: 0.000050]
[16:52:25.137109][Epoch:   4][Iter:  22902][Loss: 1.739734][lr: 0.000050]
[16:56:50.134939][Epoch:   4][Iter:  23002][Loss: 1.781408][lr: 0.000050]
[17:01:14.633663][Epoch:   4][Iter:  23102][Loss: 1.782499][lr: 0.000050]
input_img           : data/0.9/data_img.h5
input_ques          : data/0.9/visdial_data.h5
input_json          : data/0.9/visdial_params.json
img_norm            : 1
size_limit          : -1
breakdown_analysis  : False
similarities        : False
img_feature_size    : 4096
img_embed_size      : 512
embed_size          : 300
rnn_hidden_size     : 512
num_layers          : 2
max_history_len     : 60
dropout             : 0.5
encoder             : lf-ques-im-hist
decoder             : disc
num_epochs          : 20
batch_size          : 12
lr                  : 0.001
lr_decay_rate       : 0.9997592083
min_lr              : 5e-05
weight_init         : xavier
overfit             : False
gpuid               : 0
load_path           : checkpoints/30-Nov-2018-01:49:14/model_epoch_3.pth
save_path           : checkpoints/30-Nov-2018-23:20:41
save_step           : 1
concat_history      : True
partial_concat_history: False
Dataloader loading json file: data/0.9/visdial_params.json
Vocab size with <START>, <END>: 9795
Dataloader loading h5 file: data/0.9/visdial_data.h5
Dataloader loading h5 file: data/0.9/data_img.h5

Processing split [train]...
Reading image features...
Normalizing image features...
[train] no. of threads: 70000
	Max no. of rounds: 10
	Max ques len: 20
	Max ans len: 20
5834 iter per epoch.
/home/ubuntu/project_copy/VisualDialogProject/baseline/visdial/encoders/lf.py:49: UserWarning: nn.init.xavier_uniform is now deprecated in favor of nn.init.xavier_uniform_.
  nn.init.xavier_uniform(self.fusion.weight.data)
/home/ubuntu/project_copy/VisualDialogProject/baseline/visdial/encoders/lf.py:52: UserWarning: nn.init.constant is now deprecated in favor of nn.init.constant_.
  nn.init.constant(self.fusion.bias.data, 0)
Loaded model from checkpoints/30-Nov-2018-01:49:14/model_epoch_3.pth
Encoder: lf-ques-im-hist
Decoder: disc
Training start time: 30-Nov-2018-23:21:43
train.py:175: UserWarning: invalid index of a 0-dim tensor. This will be an error in PyTorch 0.5. Use tensor.item() to convert a 0-dim tensor to a Python number
  running_loss = cur_loss.data[0]
[0:00:02.993384][Epoch:   1][Iter:      0][Loss: 0.804360][lr: 0.001000]
train.py:173: UserWarning: invalid index of a 0-dim tensor. This will be an error in PyTorch 0.5. Use tensor.item() to convert a 0-dim tensor to a Python number
  running_loss = 0.95 * running_loss + 0.05 * cur_loss.data[0]
[0:04:27.568481][Epoch:   1][Iter:    100][Loss: 1.419935][lr: 0.000976]
[0:08:52.534007][Epoch:   1][Iter:    200][Loss: 1.409907][lr: 0.000953]
[0:13:17.573586][Epoch:   1][Iter:    300][Loss: 1.434486][lr: 0.000930]
[0:17:43.129039][Epoch:   1][Iter:    400][Loss: 1.425378][lr: 0.000908]
[0:22:07.983310][Epoch:   1][Iter:    500][Loss: 1.532850][lr: 0.000887]
[0:26:32.886947][Epoch:   1][Iter:    600][Loss: 1.522827][lr: 0.000865]
[0:30:57.708476][Epoch:   1][Iter:    700][Loss: 1.437983][lr: 0.000845]
[0:35:22.971075][Epoch:   1][Iter:    800][Loss: 1.496718][lr: 0.000825]
[0:39:47.982064][Epoch:   1][Iter:    900][Loss: 1.466176][lr: 0.000805]
[0:44:13.084722][Epoch:   1][Iter:   1000][Loss: 1.523047][lr: 0.000786]
[0:48:38.525486][Epoch:   1][Iter:   1100][Loss: 1.484472][lr: 0.000767]
[0:53:03.513396][Epoch:   1][Iter:   1200][Loss: 1.485695][lr: 0.000749]
[0:57:28.629652][Epoch:   1][Iter:   1300][Loss: 1.511851][lr: 0.000731]
[1:01:53.609763][Epoch:   1][Iter:   1400][Loss: 1.529853][lr: 0.000714]
[1:06:18.727445][Epoch:   1][Iter:   1500][Loss: 1.529798][lr: 0.000697]
[1:10:43.696254][Epoch:   1][Iter:   1600][Loss: 1.538820][lr: 0.000680]
[1:15:08.779757][Epoch:   1][Iter:   1700][Loss: 1.566140][lr: 0.000664]
[1:19:33.705714][Epoch:   1][Iter:   1800][Loss: 1.560304][lr: 0.000648]
[1:23:59.120214][Epoch:   1][Iter:   1900][Loss: 1.584615][lr: 0.000633]
[1:28:24.369297][Epoch:   1][Iter:   2000][Loss: 1.557279][lr: 0.000618]
[1:32:49.633924][Epoch:   1][Iter:   2100][Loss: 1.617928][lr: 0.000603]
[1:37:14.971606][Epoch:   1][Iter:   2200][Loss: 1.570993][lr: 0.000589]
[1:41:40.010570][Epoch:   1][Iter:   2300][Loss: 1.612639][lr: 0.000575]
[1:46:05.334756][Epoch:   1][Iter:   2400][Loss: 1.604967][lr: 0.000561]
[1:50:30.320484][Epoch:   1][Iter:   2500][Loss: 1.614736][lr: 0.000548]
[1:54:55.602910][Epoch:   1][Iter:   2600][Loss: 1.624951][lr: 0.000535]
[1:59:20.884307][Epoch:   1][Iter:   2700][Loss: 1.631653][lr: 0.000522]
[2:03:46.278846][Epoch:   1][Iter:   2800][Loss: 1.655313][lr: 0.000510]
[2:08:11.545399][Epoch:   1][Iter:   2900][Loss: 1.691632][lr: 0.000497]
[2:12:36.913305][Epoch:   1][Iter:   3000][Loss: 1.684276][lr: 0.000486]
[2:17:02.377151][Epoch:   1][Iter:   3100][Loss: 1.667587][lr: 0.000474]
[2:21:27.619665][Epoch:   1][Iter:   3200][Loss: 1.725301][lr: 0.000463]
[2:25:52.721660][Epoch:   1][Iter:   3300][Loss: 1.706804][lr: 0.000452]
[2:30:18.127962][Epoch:   1][Iter:   3400][Loss: 1.717819][lr: 0.000441]
[2:34:43.222358][Epoch:   1][Iter:   3500][Loss: 1.729220][lr: 0.000430]
[2:39:08.205524][Epoch:   1][Iter:   3600][Loss: 1.722848][lr: 0.000420]
[2:43:33.074489][Epoch:   1][Iter:   3700][Loss: 1.748137][lr: 0.000410]
[2:47:58.495933][Epoch:   1][Iter:   3800][Loss: 1.748455][lr: 0.000400]
[2:52:23.573572][Epoch:   1][Iter:   3900][Loss: 1.816319][lr: 0.000391]
[2:56:48.809516][Epoch:   1][Iter:   4000][Loss: 1.782081][lr: 0.000382]
[3:01:13.567228][Epoch:   1][Iter:   4100][Loss: 1.813820][lr: 0.000373]
[3:05:38.720244][Epoch:   1][Iter:   4200][Loss: 1.769086][lr: 0.000364]
[3:10:03.699200][Epoch:   1][Iter:   4300][Loss: 1.757193][lr: 0.000355]
[3:14:29.065094][Epoch:   1][Iter:   4400][Loss: 1.901623][lr: 0.000347]
[3:18:54.311858][Epoch:   1][Iter:   4500][Loss: 1.778657][lr: 0.000338]
[3:23:19.526771][Epoch:   1][Iter:   4600][Loss: 1.799573][lr: 0.000330]
[3:27:44.446073][Epoch:   1][Iter:   4700][Loss: 1.875303][lr: 0.000322]
[3:32:09.328486][Epoch:   1][Iter:   4800][Loss: 1.872917][lr: 0.000315]
[3:36:34.581317][Epoch:   1][Iter:   4900][Loss: 1.911959][lr: 0.000307]
[3:40:59.660593][Epoch:   1][Iter:   5000][Loss: 1.867513][lr: 0.000300]
[3:45:24.831501][Epoch:   1][Iter:   5100][Loss: 1.899333][lr: 0.000293]
[3:49:50.029881][Epoch:   1][Iter:   5200][Loss: 1.909508][lr: 0.000286]
[3:54:14.415170][Epoch:   1][Iter:   5300][Loss: 1.901966][lr: 0.000279]
[3:58:39.544282][Epoch:   1][Iter:   5400][Loss: 1.880712][lr: 0.000272]
[4:03:05.280103][Epoch:   1][Iter:   5500][Loss: 1.868181][lr: 0.000266]
[4:07:30.707833][Epoch:   1][Iter:   5600][Loss: 1.922316][lr: 0.000260]
[4:11:56.067661][Epoch:   1][Iter:   5700][Loss: 1.867463][lr: 0.000253]
[4:16:20.901929][Epoch:   1][Iter:   5800][Loss: 1.925694][lr: 0.000247]
[4:17:50.010899][Epoch:   2][Iter:   5834][Loss: 1.865453][lr: 0.000245]
[4:22:15.475409][Epoch:   2][Iter:   5934][Loss: 1.586924][lr: 0.000240]
[4:26:40.527678][Epoch:   2][Iter:   6034][Loss: 1.526385][lr: 0.000234]
[4:31:05.632803][Epoch:   2][Iter:   6134][Loss: 1.514540][lr: 0.000228]
[4:35:30.948498][Epoch:   2][Iter:   6234][Loss: 1.535767][lr: 0.000223]
[4:39:56.284604][Epoch:   2][Iter:   6334][Loss: 1.525534][lr: 0.000218]
[4:44:21.333943][Epoch:   2][Iter:   6434][Loss: 1.509794][lr: 0.000212]
[4:48:46.803140][Epoch:   2][Iter:   6534][Loss: 1.525470][lr: 0.000207]
[4:53:12.076646][Epoch:   2][Iter:   6634][Loss: 1.567088][lr: 0.000202]
[4:57:37.577036][Epoch:   2][Iter:   6734][Loss: 1.567486][lr: 0.000198]
[5:02:02.703831][Epoch:   2][Iter:   6834][Loss: 1.556572][lr: 0.000193]
[5:06:27.958483][Epoch:   2][Iter:   6934][Loss: 1.600263][lr: 0.000188]
[5:10:53.391844][Epoch:   2][Iter:   7034][Loss: 1.616463][lr: 0.000184]
[5:15:18.424646][Epoch:   2][Iter:   7134][Loss: 1.601882][lr: 0.000179]
[5:19:43.490516][Epoch:   2][Iter:   7234][Loss: 1.618917][lr: 0.000175]
[5:24:09.066392][Epoch:   2][Iter:   7334][Loss: 1.631670][lr: 0.000171]
[5:28:34.215411][Epoch:   2][Iter:   7434][Loss: 1.598606][lr: 0.000167]
[5:32:59.497775][Epoch:   2][Iter:   7534][Loss: 1.644793][lr: 0.000163]
[5:37:24.513673][Epoch:   2][Iter:   7634][Loss: 1.657096][lr: 0.000159]
[5:41:49.486857][Epoch:   2][Iter:   7734][Loss: 1.626018][lr: 0.000155]
[5:46:14.252164][Epoch:   2][Iter:   7834][Loss: 1.657098][lr: 0.000152]
[5:50:39.377954][Epoch:   2][Iter:   7934][Loss: 1.686294][lr: 0.000148]
[5:55:04.790214][Epoch:   2][Iter:   8034][Loss: 1.685996][lr: 0.000144]
[5:59:29.949809][Epoch:   2][Iter:   8134][Loss: 1.679548][lr: 0.000141]
[6:03:54.843444][Epoch:   2][Iter:   8234][Loss: 1.700553][lr: 0.000138]
[6:08:20.228378][Epoch:   2][Iter:   8334][Loss: 1.686952][lr: 0.000134]
[6:12:45.125905][Epoch:   2][Iter:   8434][Loss: 1.674962][lr: 0.000131]
[6:17:10.262868][Epoch:   2][Iter:   8534][Loss: 1.718088][lr: 0.000128]
[6:21:35.631112][Epoch:   2][Iter:   8634][Loss: 1.690790][lr: 0.000125]
[6:26:01.107036][Epoch:   2][Iter:   8734][Loss: 1.764215][lr: 0.000122]
[6:30:26.027245][Epoch:   2][Iter:   8834][Loss: 1.747442][lr: 0.000119]
[6:34:51.060180][Epoch:   2][Iter:   8934][Loss: 1.664533][lr: 0.000116]
[6:39:16.260516][Epoch:   2][Iter:   9034][Loss: 1.742329][lr: 0.000114]
[6:43:41.578198][Epoch:   2][Iter:   9134][Loss: 1.733293][lr: 0.000111]
[6:48:06.719334][Epoch:   2][Iter:   9234][Loss: 1.726114][lr: 0.000108]
[6:52:31.839122][Epoch:   2][Iter:   9334][Loss: 1.689388][lr: 0.000106]
[6:56:57.025993][Epoch:   2][Iter:   9434][Loss: 1.744523][lr: 0.000103]
[7:01:22.062924][Epoch:   2][Iter:   9534][Loss: 1.698318][lr: 0.000101]
[7:05:46.867031][Epoch:   2][Iter:   9634][Loss: 1.717719][lr: 0.000098]
[7:10:11.860233][Epoch:   2][Iter:   9734][Loss: 1.743576][lr: 0.000096]
[7:14:36.763660][Epoch:   2][Iter:   9834][Loss: 1.787227][lr: 0.000094]
[7:19:02.169921][Epoch:   2][Iter:   9934][Loss: 1.759556][lr: 0.000091]
[7:23:27.401909][Epoch:   2][Iter:  10034][Loss: 1.770832][lr: 0.000089]
[7:27:52.522123][Epoch:   2][Iter:  10134][Loss: 1.736073][lr: 0.000087]
[7:32:18.053305][Epoch:   2][Iter:  10234][Loss: 1.758623][lr: 0.000085]
[7:36:43.212393][Epoch:   2][Iter:  10334][Loss: 1.758651][lr: 0.000083]
[7:41:08.402087][Epoch:   2][Iter:  10434][Loss: 1.769492][lr: 0.000081]
[7:45:33.796028][Epoch:   2][Iter:  10534][Loss: 1.714428][lr: 0.000079]
[7:49:58.931283][Epoch:   2][Iter:  10634][Loss: 1.816650][lr: 0.000077]
[7:54:24.211777][Epoch:   2][Iter:  10734][Loss: 1.835627][lr: 0.000075]
[7:58:49.282255][Epoch:   2][Iter:  10834][Loss: 1.791930][lr: 0.000074]
[8:03:14.411790][Epoch:   2][Iter:  10934][Loss: 1.745974][lr: 0.000072]
[8:07:39.519795][Epoch:   2][Iter:  11034][Loss: 1.820106][lr: 0.000070]
[8:12:04.915125][Epoch:   2][Iter:  11134][Loss: 1.753009][lr: 0.000068]
[8:16:30.210296][Epoch:   2][Iter:  11234][Loss: 1.742749][lr: 0.000067]
[8:20:55.652073][Epoch:   2][Iter:  11334][Loss: 1.803918][lr: 0.000065]
[8:25:20.865591][Epoch:   2][Iter:  11434][Loss: 1.843791][lr: 0.000064]
[8:29:45.946714][Epoch:   2][Iter:  11534][Loss: 1.760926][lr: 0.000062]
[8:34:11.478590][Epoch:   2][Iter:  11634][Loss: 1.809435][lr: 0.000061]
[8:35:40.752570][Epoch:   3][Iter:  11668][Loss: 1.731671][lr: 0.000060]
[8:40:05.494129][Epoch:   3][Iter:  11768][Loss: 1.641065][lr: 0.000059]
[8:44:30.822366][Epoch:   3][Iter:  11868][Loss: 1.597196][lr: 0.000057]
[8:48:55.552824][Epoch:   3][Iter:  11968][Loss: 1.578005][lr: 0.000056]
[8:53:20.572106][Epoch:   3][Iter:  12068][Loss: 1.635890][lr: 0.000055]
[8:57:45.682792][Epoch:   3][Iter:  12168][Loss: 1.619520][lr: 0.000053]
[9:02:11.039505][Epoch:   3][Iter:  12268][Loss: 1.620472][lr: 0.000052]
[9:06:36.218979][Epoch:   3][Iter:  12368][Loss: 1.656946][lr: 0.000051]
[9:11:01.387845][Epoch:   3][Iter:  12468][Loss: 1.639531][lr: 0.000050]
[9:15:26.896338][Epoch:   3][Iter:  12568][Loss: 1.654719][lr: 0.000050]
[9:19:52.089404][Epoch:   3][Iter:  12668][Loss: 1.674190][lr: 0.000050]
[9:24:17.835817][Epoch:   3][Iter:  12768][Loss: 1.632855][lr: 0.000050]
[9:28:43.239447][Epoch:   3][Iter:  12868][Loss: 1.674433][lr: 0.000050]
[9:33:08.962055][Epoch:   3][Iter:  12968][Loss: 1.635775][lr: 0.000050]
[9:37:34.368576][Epoch:   3][Iter:  13068][Loss: 1.665822][lr: 0.000050]
[9:41:59.643994][Epoch:   3][Iter:  13168][Loss: 1.639698][lr: 0.000050]
[9:46:24.897054][Epoch:   3][Iter:  13268][Loss: 1.650795][lr: 0.000050]
[9:50:50.799524][Epoch:   3][Iter:  13368][Loss: 1.667330][lr: 0.000050]
[9:55:16.710488][Epoch:   3][Iter:  13468][Loss: 1.650985][lr: 0.000050]
[9:59:42.473644][Epoch:   3][Iter:  13568][Loss: 1.684591][lr: 0.000050]
[10:04:08.183019][Epoch:   3][Iter:  13668][Loss: 1.647239][lr: 0.000050]
[10:08:33.715374][Epoch:   3][Iter:  13768][Loss: 1.667446][lr: 0.000050]
[10:12:59.305734][Epoch:   3][Iter:  13868][Loss: 1.654874][lr: 0.000050]
[10:17:25.059940][Epoch:   3][Iter:  13968][Loss: 1.623415][lr: 0.000050]
[10:21:50.376279][Epoch:   3][Iter:  14068][Loss: 1.655317][lr: 0.000050]
[10:26:15.682034][Epoch:   3][Iter:  14168][Loss: 1.673599][lr: 0.000050]
[10:30:41.086651][Epoch:   3][Iter:  14268][Loss: 1.623973][lr: 0.000050]
[10:35:06.195216][Epoch:   3][Iter:  14368][Loss: 1.635007][lr: 0.000050]
[10:39:31.490978][Epoch:   3][Iter:  14468][Loss: 1.670590][lr: 0.000050]
[10:43:57.286665][Epoch:   3][Iter:  14568][Loss: 1.644644][lr: 0.000050]
[10:48:23.102229][Epoch:   3][Iter:  14668][Loss: 1.700892][lr: 0.000050]
[10:52:48.754957][Epoch:   3][Iter:  14768][Loss: 1.648855][lr: 0.000050]
[10:57:14.139162][Epoch:   3][Iter:  14868][Loss: 1.611084][lr: 0.000050]
[11:01:39.612301][Epoch:   3][Iter:  14968][Loss: 1.647404][lr: 0.000050]
[11:06:05.551544][Epoch:   3][Iter:  15068][Loss: 1.669589][lr: 0.000050]
[11:10:31.500425][Epoch:   3][Iter:  15168][Loss: 1.660348][lr: 0.000050]
[11:14:57.614817][Epoch:   3][Iter:  15268][Loss: 1.673333][lr: 0.000050]
[11:19:23.082565][Epoch:   3][Iter:  15368][Loss: 1.662247][lr: 0.000050]
[11:23:47.903198][Epoch:   3][Iter:  15468][Loss: 1.629021][lr: 0.000050]
[11:28:12.940059][Epoch:   3][Iter:  15568][Loss: 1.623899][lr: 0.000050]
[11:32:38.195266][Epoch:   3][Iter:  15668][Loss: 1.671765][lr: 0.000050]
[11:37:03.639393][Epoch:   3][Iter:  15768][Loss: 1.699461][lr: 0.000050]
[11:41:28.894276][Epoch:   3][Iter:  15868][Loss: 1.678631][lr: 0.000050]
[11:45:54.010933][Epoch:   3][Iter:  15968][Loss: 1.633294][lr: 0.000050]
[11:50:18.657386][Epoch:   3][Iter:  16068][Loss: 1.666571][lr: 0.000050]
[11:54:43.896042][Epoch:   3][Iter:  16168][Loss: 1.618584][lr: 0.000050]
[11:59:09.212852][Epoch:   3][Iter:  16268][Loss: 1.679043][lr: 0.000050]
[12:03:34.550652][Epoch:   3][Iter:  16368][Loss: 1.638582][lr: 0.000050]
[12:07:59.704728][Epoch:   3][Iter:  16468][Loss: 1.633779][lr: 0.000050]
[12:12:24.898201][Epoch:   3][Iter:  16568][Loss: 1.654546][lr: 0.000050]
[12:16:49.919402][Epoch:   3][Iter:  16668][Loss: 1.646339][lr: 0.000050]
[12:21:14.695818][Epoch:   3][Iter:  16768][Loss: 1.674343][lr: 0.000050]
[12:25:39.949824][Epoch:   3][Iter:  16868][Loss: 1.681390][lr: 0.000050]
[12:30:05.374505][Epoch:   3][Iter:  16968][Loss: 1.646777][lr: 0.000050]
[12:34:30.962485][Epoch:   3][Iter:  17068][Loss: 1.635387][lr: 0.000050]
[12:38:56.201381][Epoch:   3][Iter:  17168][Loss: 1.641415][lr: 0.000050]
[12:43:21.415081][Epoch:   3][Iter:  17268][Loss: 1.669807][lr: 0.000050]
[12:47:46.799200][Epoch:   3][Iter:  17368][Loss: 1.638929][lr: 0.000050]
[12:52:11.869801][Epoch:   3][Iter:  17468][Loss: 1.696994][lr: 0.000050]
[12:53:41.027789][Epoch:   4][Iter:  17502][Loss: 1.640772][lr: 0.000050]
[12:58:06.454292][Epoch:   4][Iter:  17602][Loss: 1.621333][lr: 0.000050]
[13:02:31.621010][Epoch:   4][Iter:  17702][Loss: 1.670038][lr: 0.000050]
[13:06:56.989160][Epoch:   4][Iter:  17802][Loss: 1.592113][lr: 0.000050]
[13:11:22.309744][Epoch:   4][Iter:  17902][Loss: 1.618040][lr: 0.000050]
[13:15:47.543474][Epoch:   4][Iter:  18002][Loss: 1.606945][lr: 0.000050]
[13:20:12.936970][Epoch:   4][Iter:  18102][Loss: 1.603575][lr: 0.000050]
[13:24:38.231913][Epoch:   4][Iter:  18202][Loss: 1.658522][lr: 0.000050]
[13:29:03.576450][Epoch:   4][Iter:  18302][Loss: 1.634445][lr: 0.000050]
[13:33:28.864965][Epoch:   4][Iter:  18402][Loss: 1.577417][lr: 0.000050]
[13:37:54.346656][Epoch:   4][Iter:  18502][Loss: 1.611349][lr: 0.000050]
[13:42:19.511602][Epoch:   4][Iter:  18602][Loss: 1.610382][lr: 0.000050]
[13:46:44.481548][Epoch:   4][Iter:  18702][Loss: 1.577029][lr: 0.000050]
[13:51:09.841938][Epoch:   4][Iter:  18802][Loss: 1.610248][lr: 0.000050]
[13:55:34.933600][Epoch:   4][Iter:  18902][Loss: 1.641946][lr: 0.000050]
[14:00:00.473595][Epoch:   4][Iter:  19002][Loss: 1.648180][lr: 0.000050]
[14:04:25.501844][Epoch:   4][Iter:  19102][Loss: 1.639451][lr: 0.000050]
[14:08:50.453323][Epoch:   4][Iter:  19202][Loss: 1.625423][lr: 0.000050]
[14:13:15.587108][Epoch:   4][Iter:  19302][Loss: 1.669877][lr: 0.000050]
[14:17:40.459909][Epoch:   4][Iter:  19402][Loss: 1.661455][lr: 0.000050]
[14:22:05.530556][Epoch:   4][Iter:  19502][Loss: 1.641678][lr: 0.000050]
[14:26:30.907284][Epoch:   4][Iter:  19602][Loss: 1.660189][lr: 0.000050]
[14:30:56.150952][Epoch:   4][Iter:  19702][Loss: 1.641452][lr: 0.000050]
[14:35:21.379466][Epoch:   4][Iter:  19802][Loss: 1.644600][lr: 0.000050]
[14:39:46.499302][Epoch:   4][Iter:  19902][Loss: 1.639803][lr: 0.000050]
[14:44:11.753851][Epoch:   4][Iter:  20002][Loss: 1.603814][lr: 0.000050]
[14:48:37.306058][Epoch:   4][Iter:  20102][Loss: 1.661726][lr: 0.000050]
[14:53:02.898109][Epoch:   4][Iter:  20202][Loss: 1.628350][lr: 0.000050]
[14:57:28.240551][Epoch:   4][Iter:  20302][Loss: 1.640143][lr: 0.000050]
[15:01:53.137043][Epoch:   4][Iter:  20402][Loss: 1.680009][lr: 0.000050]
[15:06:18.466148][Epoch:   4][Iter:  20502][Loss: 1.642053][lr: 0.000050]
[15:10:43.610402][Epoch:   4][Iter:  20602][Loss: 1.678989][lr: 0.000050]
[15:15:08.657659][Epoch:   4][Iter:  20702][Loss: 1.687416][lr: 0.000050]
[15:19:34.155226][Epoch:   4][Iter:  20802][Loss: 1.634297][lr: 0.000050]
[15:23:59.467682][Epoch:   4][Iter:  20902][Loss: 1.653212][lr: 0.000050]
[15:28:24.776533][Epoch:   4][Iter:  21002][Loss: 1.636348][lr: 0.000050]
[15:32:50.355345][Epoch:   4][Iter:  21102][Loss: 1.646335][lr: 0.000050]
[15:37:15.363759][Epoch:   4][Iter:  21202][Loss: 1.667632][lr: 0.000050]
[15:41:40.669066][Epoch:   4][Iter:  21302][Loss: 1.648966][lr: 0.000050]
[15:46:05.833304][Epoch:   4][Iter:  21402][Loss: 1.642441][lr: 0.000050]
[15:50:31.193756][Epoch:   4][Iter:  21502][Loss: 1.670203][lr: 0.000050]
[15:54:56.572612][Epoch:   4][Iter:  21602][Loss: 1.681382][lr: 0.000050]
[15:59:21.885035][Epoch:   4][Iter:  21702][Loss: 1.597743][lr: 0.000050]
[16:03:47.179252][Epoch:   4][Iter:  21802][Loss: 1.678532][lr: 0.000050]
[16:08:12.265520][Epoch:   4][Iter:  21902][Loss: 1.651062][lr: 0.000050]
[16:12:37.582047][Epoch:   4][Iter:  22002][Loss: 1.665537][lr: 0.000050]
[16:17:03.060152][Epoch:   4][Iter:  22102][Loss: 1.725407][lr: 0.000050]
[16:21:28.709978][Epoch:   4][Iter:  22202][Loss: 1.686024][lr: 0.000050]
[16:25:54.059377][Epoch:   4][Iter:  22302][Loss: 1.665339][lr: 0.000050]
[16:30:19.490397][Epoch:   4][Iter:  22402][Loss: 1.659960][lr: 0.000050]
[16:34:45.050288][Epoch:   4][Iter:  22502][Loss: 1.678697][lr: 0.000050]
[16:39:10.585590][Epoch:   4][Iter:  22602][Loss: 1.658588][lr: 0.000050]
[16:43:35.781154][Epoch:   4][Iter:  22702][Loss: 1.681320][lr: 0.000050]
[16:48:01.371478][Epoch:   4][Iter:  22802][Loss: 1.632397][lr: 0.000050]
[16:52:27.270681][Epoch:   4][Iter:  22902][Loss: 1.622775][lr: 0.000050]
[16:56:52.933705][Epoch:   4][Iter:  23002][Loss: 1.658633][lr: 0.000050]
[17:01:18.142202][Epoch:   4][Iter:  23102][Loss: 1.656032][lr: 0.000050]
[17:05:43.718649][Epoch:   4][Iter:  23202][Loss: 1.619812][lr: 0.000050]
[17:10:10.236994][Epoch:   4][Iter:  23302][Loss: 1.662543][lr: 0.000050]
[17:11:40.169265][Epoch:   5][Iter:  23336][Loss: 1.628415][lr: 0.000050]
[17:16:05.746075][Epoch:   5][Iter:  23436][Loss: 1.648214][lr: 0.000050]
[17:20:32.850388][Epoch:   5][Iter:  23536][Loss: 1.599518][lr: 0.000050]
[17:25:00.056655][Epoch:   5][Iter:  23636][Loss: 1.586947][lr: 0.000050]
[17:29:26.302262][Epoch:   5][Iter:  23736][Loss: 1.625345][lr: 0.000050]
[17:33:53.946884][Epoch:   5][Iter:  23836][Loss: 1.650044][lr: 0.000050]
[17:38:21.781650][Epoch:   5][Iter:  23936][Loss: 1.630549][lr: 0.000050]
[17:42:47.675874][Epoch:   5][Iter:  24036][Loss: 1.593158][lr: 0.000050]
[17:47:13.405433][Epoch:   5][Iter:  24136][Loss: 1.652485][lr: 0.000050]
[17:51:39.202661][Epoch:   5][Iter:  24236][Loss: 1.614954][lr: 0.000050]
[17:56:06.495229][Epoch:   5][Iter:  24336][Loss: 1.590215][lr: 0.000050]
[18:00:40.869381][Epoch:   5][Iter:  24436][Loss: 1.690804][lr: 0.000050]
[18:05:20.988209][Epoch:   5][Iter:  24536][Loss: 1.649570][lr: 0.000050]
[18:10:00.216456][Epoch:   5][Iter:  24636][Loss: 1.642567][lr: 0.000050]
[18:14:40.382834][Epoch:   5][Iter:  24736][Loss: 1.642898][lr: 0.000050]
[18:19:17.918130][Epoch:   5][Iter:  24836][Loss: 1.621959][lr: 0.000050]
[18:23:52.194999][Epoch:   5][Iter:  24936][Loss: 1.620208][lr: 0.000050]
[18:28:29.738601][Epoch:   5][Iter:  25036][Loss: 1.676509][lr: 0.000050]
[18:32:54.871422][Epoch:   5][Iter:  25136][Loss: 1.663603][lr: 0.000050]
[18:37:20.158777][Epoch:   5][Iter:  25236][Loss: 1.613318][lr: 0.000050]
[18:41:45.872596][Epoch:   5][Iter:  25336][Loss: 1.591566][lr: 0.000050]
[18:46:11.654876][Epoch:   5][Iter:  25436][Loss: 1.638178][lr: 0.000050]
[18:50:39.209291][Epoch:   5][Iter:  25536][Loss: 1.586115][lr: 0.000050]
[18:55:05.486354][Epoch:   5][Iter:  25636][Loss: 1.689535][lr: 0.000050]
[18:59:31.250641][Epoch:   5][Iter:  25736][Loss: 1.678418][lr: 0.000050]
[19:03:58.970937][Epoch:   5][Iter:  25836][Loss: 1.618694][lr: 0.000050]
[19:08:37.439715][Epoch:   5][Iter:  25936][Loss: 1.656721][lr: 0.000050]
[19:13:10.481938][Epoch:   5][Iter:  26036][Loss: 1.701457][lr: 0.000050]
[19:17:36.160398][Epoch:   5][Iter:  26136][Loss: 1.642116][lr: 0.000050]
[19:22:01.699963][Epoch:   5][Iter:  26236][Loss: 1.732654][lr: 0.000050]
[19:26:27.109883][Epoch:   5][Iter:  26336][Loss: 1.646968][lr: 0.000050]
[19:30:52.161639][Epoch:   5][Iter:  26436][Loss: 1.671073][lr: 0.000050]
[19:35:17.925505][Epoch:   5][Iter:  26536][Loss: 1.653446][lr: 0.000050]
[19:39:43.257765][Epoch:   5][Iter:  26636][Loss: 1.647257][lr: 0.000050]
[19:44:08.279502][Epoch:   5][Iter:  26736][Loss: 1.641661][lr: 0.000050]
[19:48:33.663460][Epoch:   5][Iter:  26836][Loss: 1.694752][lr: 0.000050]
[19:52:59.210951][Epoch:   5][Iter:  26936][Loss: 1.618500][lr: 0.000050]
[19:57:24.686538][Epoch:   5][Iter:  27036][Loss: 1.627465][lr: 0.000050]
[20:01:49.916435][Epoch:   5][Iter:  27136][Loss: 1.648725][lr: 0.000050]
[20:06:15.369515][Epoch:   5][Iter:  27236][Loss: 1.613116][lr: 0.000050]
[20:10:40.986115][Epoch:   5][Iter:  27336][Loss: 1.628216][lr: 0.000050]
[20:15:06.198737][Epoch:   5][Iter:  27436][Loss: 1.642104][lr: 0.000050]
[20:19:31.548008][Epoch:   5][Iter:  27536][Loss: 1.629986][lr: 0.000050]
[20:23:56.758105][Epoch:   5][Iter:  27636][Loss: 1.649586][lr: 0.000050]
[20:28:22.042289][Epoch:   5][Iter:  27736][Loss: 1.684157][lr: 0.000050]
[20:32:47.488090][Epoch:   5][Iter:  27836][Loss: 1.598084][lr: 0.000050]
[20:37:13.079328][Epoch:   5][Iter:  27936][Loss: 1.627450][lr: 0.000050]
[20:41:38.424440][Epoch:   5][Iter:  28036][Loss: 1.667789][lr: 0.000050]
[20:46:03.901037][Epoch:   5][Iter:  28136][Loss: 1.675077][lr: 0.000050]
[20:50:29.255587][Epoch:   5][Iter:  28236][Loss: 1.627001][lr: 0.000050]
[20:54:54.935167][Epoch:   5][Iter:  28336][Loss: 1.638222][lr: 0.000050]
[20:59:20.679067][Epoch:   5][Iter:  28436][Loss: 1.621605][lr: 0.000050]
[21:03:46.146457][Epoch:   5][Iter:  28536][Loss: 1.642338][lr: 0.000050]
[21:08:14.081901][Epoch:   5][Iter:  28636][Loss: 1.673184][lr: 0.000050]
[21:12:40.539527][Epoch:   5][Iter:  28736][Loss: 1.632877][lr: 0.000050]
[21:17:06.895834][Epoch:   5][Iter:  28836][Loss: 1.735050][lr: 0.000050]
[21:21:38.115312][Epoch:   5][Iter:  28936][Loss: 1.649797][lr: 0.000050]
[21:26:18.607245][Epoch:   5][Iter:  29036][Loss: 1.615456][lr: 0.000050]
[21:30:44.080819][Epoch:   5][Iter:  29136][Loss: 1.662883][lr: 0.000050]
[21:32:13.689475][Epoch:   6][Iter:  29170][Loss: 1.643298][lr: 0.000050]
[21:37:05.499517][Epoch:   6][Iter:  29270][Loss: 1.594520][lr: 0.000050]
[21:42:14.499724][Epoch:   6][Iter:  29370][Loss: 1.585275][lr: 0.000050]
[21:47:24.616139][Epoch:   6][Iter:  29470][Loss: 1.624595][lr: 0.000050]
[21:52:33.300715][Epoch:   6][Iter:  29570][Loss: 1.564343][lr: 0.000050]
[21:57:45.794183][Epoch:   6][Iter:  29670][Loss: 1.573479][lr: 0.000050]
[22:03:16.809886][Epoch:   6][Iter:  29770][Loss: 1.630382][lr: 0.000050]
[22:09:08.716169][Epoch:   6][Iter:  29870][Loss: 1.556205][lr: 0.000050]
[22:15:00.696139][Epoch:   6][Iter:  29970][Loss: 1.608316][lr: 0.000050]
[22:20:54.116734][Epoch:   6][Iter:  30070][Loss: 1.599418][lr: 0.000050]
[22:25:58.817371][Epoch:   6][Iter:  30170][Loss: 1.575267][lr: 0.000050]
[22:30:32.704705][Epoch:   6][Iter:  30270][Loss: 1.586551][lr: 0.000050]
[22:35:21.505496][Epoch:   6][Iter:  30370][Loss: 1.550883][lr: 0.000050]
[22:41:07.204491][Epoch:   6][Iter:  30470][Loss: 1.603985][lr: 0.000050]
[22:46:53.634409][Epoch:   6][Iter:  30570][Loss: 1.656481][lr: 0.000050]
[22:52:40.383859][Epoch:   6][Iter:  30670][Loss: 1.586261][lr: 0.000050]
[22:58:27.278279][Epoch:   6][Iter:  30770][Loss: 1.610370][lr: 0.000050]
[23:03:25.614294][Epoch:   6][Iter:  30870][Loss: 1.582851][lr: 0.000050]
[23:07:50.337667][Epoch:   6][Iter:  30970][Loss: 1.570834][lr: 0.000050]
[23:12:36.299024][Epoch:   6][Iter:  31070][Loss: 1.610835][lr: 0.000050]
[23:17:32.132512][Epoch:   6][Iter:  31170][Loss: 1.530930][lr: 0.000050]
[23:22:25.612166][Epoch:   6][Iter:  31270][Loss: 1.593449][lr: 0.000050]
[23:27:21.223314][Epoch:   6][Iter:  31370][Loss: 1.614006][lr: 0.000050]
[23:31:50.515717][Epoch:   6][Iter:  31470][Loss: 1.631429][lr: 0.000050]
[23:36:15.770206][Epoch:   6][Iter:  31570][Loss: 1.580258][lr: 0.000050]
[23:40:41.024410][Epoch:   6][Iter:  31670][Loss: 1.603531][lr: 0.000050]
[23:45:06.174747][Epoch:   6][Iter:  31770][Loss: 1.589216][lr: 0.000050]
[23:49:31.577997][Epoch:   6][Iter:  31870][Loss: 1.604964][lr: 0.000050]
[23:53:56.961248][Epoch:   6][Iter:  31970][Loss: 1.577104][lr: 0.000050]
[23:58:21.917267][Epoch:   6][Iter:  32070][Loss: 1.603870][lr: 0.000050]
[1 day, 0:02:47.329060][Epoch:   6][Iter:  32170][Loss: 1.624777][lr: 0.000050]
[1 day, 0:07:12.721426][Epoch:   6][Iter:  32270][Loss: 1.649843][lr: 0.000050]
[1 day, 0:11:38.002472][Epoch:   6][Iter:  32370][Loss: 1.599694][lr: 0.000050]
[1 day, 0:16:03.829633][Epoch:   6][Iter:  32470][Loss: 1.603572][lr: 0.000050]
[1 day, 0:20:29.497371][Epoch:   6][Iter:  32570][Loss: 1.596107][lr: 0.000050]
[1 day, 0:24:54.931621][Epoch:   6][Iter:  32670][Loss: 1.625714][lr: 0.000050]
[1 day, 0:29:20.890415][Epoch:   6][Iter:  32770][Loss: 1.629047][lr: 0.000050]
[1 day, 0:33:46.350635][Epoch:   6][Iter:  32870][Loss: 1.604008][lr: 0.000050]
[1 day, 0:38:11.982664][Epoch:   6][Iter:  32970][Loss: 1.614126][lr: 0.000050]
[1 day, 0:42:37.271512][Epoch:   6][Iter:  33070][Loss: 1.622078][lr: 0.000050]
[1 day, 0:47:02.855988][Epoch:   6][Iter:  33170][Loss: 1.589621][lr: 0.000050]
[1 day, 0:51:28.126105][Epoch:   6][Iter:  33270][Loss: 1.632610][lr: 0.000050]
[1 day, 0:55:53.642437][Epoch:   6][Iter:  33370][Loss: 1.635617][lr: 0.000050]
[1 day, 1:00:19.169583][Epoch:   6][Iter:  33470][Loss: 1.607088][lr: 0.000050]
[1 day, 1:04:44.849789][Epoch:   6][Iter:  33570][Loss: 1.604371][lr: 0.000050]
[1 day, 1:09:10.181422][Epoch:   6][Iter:  33670][Loss: 1.579361][lr: 0.000050]
[1 day, 1:13:35.171697][Epoch:   6][Iter:  33770][Loss: 1.602356][lr: 0.000050]
[1 day, 1:18:00.319967][Epoch:   6][Iter:  33870][Loss: 1.616598][lr: 0.000050]
[1 day, 1:22:25.515112][Epoch:   6][Iter:  33970][Loss: 1.626965][lr: 0.000050]
[1 day, 1:26:50.410199][Epoch:   6][Iter:  34070][Loss: 1.671691][lr: 0.000050]
[1 day, 1:31:14.939900][Epoch:   6][Iter:  34170][Loss: 1.676209][lr: 0.000050]
[1 day, 1:35:39.575508][Epoch:   6][Iter:  34270][Loss: 1.634032][lr: 0.000050]
[1 day, 1:40:04.564557][Epoch:   6][Iter:  34370][Loss: 1.611587][lr: 0.000050]
[1 day, 1:44:29.627752][Epoch:   6][Iter:  34470][Loss: 1.608753][lr: 0.000050]
[1 day, 1:48:54.626209][Epoch:   6][Iter:  34570][Loss: 1.627296][lr: 0.000050]
[1 day, 1:53:19.637429][Epoch:   6][Iter:  34670][Loss: 1.581199][lr: 0.000050]
[1 day, 1:57:44.571163][Epoch:   6][Iter:  34770][Loss: 1.574457][lr: 0.000050]
[1 day, 2:02:09.558125][Epoch:   6][Iter:  34870][Loss: 1.580914][lr: 0.000050]
[1 day, 2:06:34.258807][Epoch:   6][Iter:  34970][Loss: 1.605316][lr: 0.000050]
[1 day, 2:08:03.233824][Epoch:   7][Iter:  35004][Loss: 1.587692][lr: 0.000050]
[1 day, 2:12:28.447774][Epoch:   7][Iter:  35104][Loss: 1.615304][lr: 0.000050]
[1 day, 2:16:53.477610][Epoch:   7][Iter:  35204][Loss: 1.597509][lr: 0.000050]
[1 day, 2:21:18.195939][Epoch:   7][Iter:  35304][Loss: 1.549063][lr: 0.000050]
[1 day, 2:25:43.443382][Epoch:   7][Iter:  35404][Loss: 1.517451][lr: 0.000050]
[1 day, 2:30:08.873301][Epoch:   7][Iter:  35504][Loss: 1.548372][lr: 0.000050]
[1 day, 2:34:33.704054][Epoch:   7][Iter:  35604][Loss: 1.547933][lr: 0.000050]
[1 day, 2:38:58.589023][Epoch:   7][Iter:  35704][Loss: 1.601237][lr: 0.000050]
[1 day, 2:43:23.631304][Epoch:   7][Iter:  35804][Loss: 1.559631][lr: 0.000050]
[1 day, 2:47:48.747030][Epoch:   7][Iter:  35904][Loss: 1.530925][lr: 0.000050]
[1 day, 2:52:13.674464][Epoch:   7][Iter:  36004][Loss: 1.555253][lr: 0.000050]
[1 day, 2:56:38.884251][Epoch:   7][Iter:  36104][Loss: 1.578821][lr: 0.000050]
[1 day, 3:01:04.026017][Epoch:   7][Iter:  36204][Loss: 1.572192][lr: 0.000050]
[1 day, 3:05:29.347149][Epoch:   7][Iter:  36304][Loss: 1.591930][lr: 0.000050]
[1 day, 3:09:54.208143][Epoch:   7][Iter:  36404][Loss: 1.578367][lr: 0.000050]
[1 day, 3:14:19.251420][Epoch:   7][Iter:  36504][Loss: 1.522526][lr: 0.000050]
[1 day, 3:18:44.265390][Epoch:   7][Iter:  36604][Loss: 1.597131][lr: 0.000050]
[1 day, 3:23:09.064153][Epoch:   7][Iter:  36704][Loss: 1.602683][lr: 0.000050]
[1 day, 3:27:34.274559][Epoch:   7][Iter:  36804][Loss: 1.574188][lr: 0.000050]
[1 day, 3:31:59.199152][Epoch:   7][Iter:  36904][Loss: 1.572882][lr: 0.000050]
[1 day, 3:36:58.860787][Epoch:   7][Iter:  37004][Loss: 1.580795][lr: 0.000050]
[1 day, 3:42:07.736038][Epoch:   7][Iter:  37104][Loss: 1.532750][lr: 0.000050]
[1 day, 3:47:15.648487][Epoch:   7][Iter:  37204][Loss: 1.560911][lr: 0.000050]
[1 day, 3:52:21.846163][Epoch:   7][Iter:  37304][Loss: 1.545500][lr: 0.000050]
[1 day, 3:57:21.004746][Epoch:   7][Iter:  37404][Loss: 1.611018][lr: 0.000050]
[1 day, 4:01:46.611171][Epoch:   7][Iter:  37504][Loss: 1.538336][lr: 0.000050]
[1 day, 4:06:54.309209][Epoch:   7][Iter:  37604][Loss: 1.571452][lr: 0.000050]
[1 day, 4:12:01.845023][Epoch:   7][Iter:  37704][Loss: 1.582675][lr: 0.000050]
[1 day, 4:17:09.857908][Epoch:   7][Iter:  37804][Loss: 1.574520][lr: 0.000050]
[1 day, 4:22:18.314774][Epoch:   7][Iter:  37904][Loss: 1.586583][lr: 0.000050]
[1 day, 4:27:10.179479][Epoch:   7][Iter:  38004][Loss: 1.610492][lr: 0.000050]
[1 day, 4:31:34.868099][Epoch:   7][Iter:  38104][Loss: 1.609708][lr: 0.000050]
